<?xml version="1.0" encoding="UTF-8"?>
<testsuite xmlns:xsi="http://www.w3.org/2001/XMLSchema-instance" xsi:noNamespaceSchemaLocation="https://maven.apache.org/surefire/maven-surefire-plugin/xsd/surefire-test-report-3.0.xsd" version="3.0" name="com.example.chatapp.engine.OllamaChatEngineIntegrationTest" time="5.889" tests="2" errors="0" skipped="0" failures="0">
  <properties>
[...]
</properties>
  <testcase name="sendMessage_returnsMockedResponse" classname="com.example.chatapp.engine.OllamaChatEngineIntegrationTest" time="0.191">
    <system-out><![CDATA[17:43:47.790 [main] DEBUG org.springframework.test.context.BootstrapUtils - Instantiating CacheAwareContextLoaderDelegate from class [org.springframework.test.context.cache.DefaultCacheAwareContextLoaderDelegate]
17:43:47.797 [main] DEBUG org.springframework.test.context.BootstrapUtils - Instantiating BootstrapContext using constructor [public org.springframework.test.context.support.DefaultBootstrapContext(java.lang.Class,org.springframework.test.context.CacheAwareContextLoaderDelegate)]
17:43:47.824 [main] DEBUG org.springframework.test.context.BootstrapUtils - Instantiating TestContextBootstrapper for test class [com.example.chatapp.engine.OllamaChatEngineIntegrationTest] from class [org.springframework.boot.test.context.SpringBootTestContextBootstrapper]
17:43:47.831 [main] INFO org.springframework.boot.test.context.SpringBootTestContextBootstrapper - Neither @ContextConfiguration nor @ContextHierarchy found for test class [com.example.chatapp.engine.OllamaChatEngineIntegrationTest], using SpringBootContextLoader
17:43:47.834 [main] DEBUG org.springframework.test.context.support.AbstractContextLoader - Did not detect default resource location for test class [com.example.chatapp.engine.OllamaChatEngineIntegrationTest]: class path resource [com/example/chatapp/engine/OllamaChatEngineIntegrationTest-context.xml] does not exist
17:43:47.834 [main] DEBUG org.springframework.test.context.support.AbstractContextLoader - Did not detect default resource location for test class [com.example.chatapp.engine.OllamaChatEngineIntegrationTest]: class path resource [com/example/chatapp/engine/OllamaChatEngineIntegrationTestContext.groovy] does not exist
17:43:47.835 [main] INFO org.springframework.test.context.support.AbstractContextLoader - Could not detect default resource locations for test class [com.example.chatapp.engine.OllamaChatEngineIntegrationTest]: no resource found for suffixes {-context.xml, Context.groovy}.
17:43:47.835 [main] INFO org.springframework.test.context.support.AnnotationConfigContextLoaderUtils - Could not detect default configuration classes for test class [com.example.chatapp.engine.OllamaChatEngineIntegrationTest]: OllamaChatEngineIntegrationTest does not declare any static, non-private, non-final, nested classes annotated with @Configuration.
17:43:47.860 [main] DEBUG org.springframework.test.context.support.ActiveProfilesUtils - Could not find an 'annotation declaring class' for annotation type [org.springframework.test.context.ActiveProfiles] and class [com.example.chatapp.engine.OllamaChatEngineIntegrationTest]
17:43:47.904 [main] DEBUG org.springframework.context.annotation.ClassPathScanningCandidateComponentProvider - Identified candidate component class: URL [jar:file:/Users/manoj/Documents/GitHub/react-springboot-chat-app/backend/app/target/chatapp-1.0-SNAPSHOT.jar!/com/example/chatapp/Application.class]
17:43:47.905 [main] INFO org.springframework.boot.test.context.SpringBootTestContextBootstrapper - Found @SpringBootConfiguration com.example.chatapp.Application for test class com.example.chatapp.engine.OllamaChatEngineIntegrationTest
17:43:47.974 [main] DEBUG org.springframework.boot.test.context.SpringBootTestContextBootstrapper - @TestExecutionListeners is not present for class [com.example.chatapp.engine.OllamaChatEngineIntegrationTest]: using defaults.
17:43:47.974 [main] INFO org.springframework.boot.test.context.SpringBootTestContextBootstrapper - Loaded default TestExecutionListener class names from location [META-INF/spring.factories]: [org.springframework.boot.test.mock.mockito.MockitoTestExecutionListener, org.springframework.boot.test.mock.mockito.ResetMocksTestExecutionListener, org.springframework.boot.test.autoconfigure.restdocs.RestDocsTestExecutionListener, org.springframework.boot.test.autoconfigure.web.client.MockRestServiceServerResetTestExecutionListener, org.springframework.boot.test.autoconfigure.web.servlet.MockMvcPrintOnlyOnFailureTestExecutionListener, org.springframework.boot.test.autoconfigure.web.servlet.WebDriverTestExecutionListener, org.springframework.boot.test.autoconfigure.webservices.client.MockWebServiceServerTestExecutionListener, org.springframework.test.context.web.ServletTestExecutionListener, org.springframework.test.context.support.DirtiesContextBeforeModesTestExecutionListener, org.springframework.test.context.event.ApplicationEventsTestExecutionListener, org.springframework.test.context.support.DependencyInjectionTestExecutionListener, org.springframework.test.context.support.DirtiesContextTestExecutionListener, org.springframework.test.context.transaction.TransactionalTestExecutionListener, org.springframework.test.context.jdbc.SqlScriptsTestExecutionListener, org.springframework.test.context.event.EventPublishingTestExecutionListener]
17:43:47.981 [main] DEBUG org.springframework.boot.test.context.SpringBootTestContextBootstrapper - Skipping candidate TestExecutionListener [org.springframework.test.context.transaction.TransactionalTestExecutionListener] due to a missing dependency. Specify custom listener classes or make the default listener classes and their required dependencies available. Offending class: [org/springframework/transaction/TransactionDefinition]
17:43:47.982 [main] DEBUG org.springframework.boot.test.context.SpringBootTestContextBootstrapper - Skipping candidate TestExecutionListener [org.springframework.test.context.jdbc.SqlScriptsTestExecutionListener] due to a missing dependency. Specify custom listener classes or make the default listener classes and their required dependencies available. Offending class: [org/springframework/transaction/interceptor/TransactionAttribute]
17:43:47.982 [main] INFO org.springframework.boot.test.context.SpringBootTestContextBootstrapper - Using TestExecutionListeners: [org.springframework.test.context.web.ServletTestExecutionListener@5e1dde44, org.springframework.test.context.support.DirtiesContextBeforeModesTestExecutionListener@7f37b6d9, org.springframework.test.context.event.ApplicationEventsTestExecutionListener@71e35c4, org.springframework.boot.test.mock.mockito.MockitoTestExecutionListener@22a10ac6, org.springframework.boot.test.autoconfigure.SpringBootDependencyInjectionTestExecutionListener@12fe1f28, org.springframework.test.context.support.DirtiesContextTestExecutionListener@503df2d0, org.springframework.test.context.event.EventPublishingTestExecutionListener@26fb4d06, org.springframework.boot.test.mock.mockito.ResetMocksTestExecutionListener@c269425, org.springframework.boot.test.autoconfigure.restdocs.RestDocsTestExecutionListener@6e43ddd6, org.springframework.boot.test.autoconfigure.web.client.MockRestServiceServerResetTestExecutionListener@51d719bc, org.springframework.boot.test.autoconfigure.web.servlet.MockMvcPrintOnlyOnFailureTestExecutionListener@2d38edfd, org.springframework.boot.test.autoconfigure.web.servlet.WebDriverTestExecutionListener@1507c3c3, org.springframework.boot.test.autoconfigure.webservices.client.MockWebServiceServerTestExecutionListener@655a01d8]
17:43:47.984 [main] DEBUG org.springframework.test.context.support.AbstractDirtiesContextTestExecutionListener - Before test class: context [DefaultTestContext@56399b9e testClass = OllamaChatEngineIntegrationTest, testInstance = [null], testMethod = [null], testException = [null], mergedContextConfiguration = [WebMergedContextConfiguration@34b9eb03 testClass = OllamaChatEngineIntegrationTest, locations = '{}', classes = '{class com.example.chatapp.Application}', contextInitializerClasses = '[]', activeProfiles = '{}', propertySourceLocations = '{}', propertySourceProperties = '{org.springframework.boot.test.context.SpringBootTestContextBootstrapper=true}', contextCustomizers = set[org.springframework.boot.test.context.filter.ExcludeFilterContextCustomizer@2571066a, org.springframework.boot.test.json.DuplicateJsonObjectContextCustomizerFactory$DuplicateJsonObjectContextCustomizer@4a9486c0, org.springframework.boot.test.mock.mockito.MockitoContextCustomizer@0, org.springframework.boot.test.web.client.TestRestTemplateContextCustomizer@22d1886d, org.springframework.boot.test.autoconfigure.actuate.metrics.MetricsExportContextCustomizerFactory$DisableMetricExportContextCustomizer@af78c87, org.springframework.boot.test.autoconfigure.properties.PropertyMappingContextCustomizer@0, org.springframework.boot.test.autoconfigure.web.servlet.WebDriverContextCustomizerFactory$Customizer@51ec2df1, org.springframework.test.context.support.DynamicPropertiesContextCustomizer@fc9085f4, org.springframework.boot.test.context.SpringBootTestArgs@1, org.springframework.boot.test.context.SpringBootTestWebEnvironment@13b3d178], resourceBasePath = 'src/main/webapp', contextLoader = 'org.springframework.boot.test.context.SpringBootContextLoader', parent = [null]], attributes = map['org.springframework.test.context.web.ServletTestExecutionListener.activateListener' -> true]], class annotated with @DirtiesContext [false] with mode [null].
17:43:48.003 [main] DEBUG org.testcontainers.utility.TestcontainersConfiguration - Testcontainers configuration overrides will be loaded from file:/Users/manoj/.testcontainers.properties
17:43:48.006 [main] INFO org.testcontainers.images.PullPolicy - Image pull policy will be performed by: DefaultPullPolicy()
17:43:48.008 [main] INFO org.testcontainers.utility.ImageNameSubstitutor - Image name substitution will be performed by: DefaultImageNameSubstitutor (composite of 'ConfigurationFileImageNameSubstitutor' and 'PrefixingImageNameSubstitutor')
17:43:48.224 [main] INFO org.testcontainers.dockerclient.DockerClientProviderStrategy - Loaded org.testcontainers.dockerclient.UnixSocketClientProviderStrategy from ~/.testcontainers.properties, will try it first
17:43:48.233 [main] DEBUG org.testcontainers.dockerclient.DockerClientProviderStrategy - Trying out strategy: UnixSocketClientProviderStrategy
17:43:48.333 [main] DEBUG org.testcontainers.shaded.com.github.dockerjava.core.command.AbstrDockerCmd - Cmd: 
17:43:48.350 [main] DEBUG com.github.dockerjava.zerodep.shaded.org.apache.hc.client5.http.impl.classic.InternalHttpClient - ex-00000001: preparing request execution
17:43:48.352 [main] DEBUG com.github.dockerjava.zerodep.shaded.org.apache.hc.client5.http.protocol.RequestAddCookies - Cookie spec selected: strict
17:43:48.354 [main] DEBUG com.github.dockerjava.zerodep.shaded.org.apache.hc.client5.http.protocol.RequestAuthCache - Auth cache not set in the context
17:43:48.355 [main] DEBUG com.github.dockerjava.zerodep.shaded.org.apache.hc.client5.http.impl.classic.ProtocolExec - ex-00000001: target auth state: UNCHALLENGED
17:43:48.355 [main] DEBUG com.github.dockerjava.zerodep.shaded.org.apache.hc.client5.http.impl.classic.ProtocolExec - ex-00000001: proxy auth state: UNCHALLENGED
17:43:48.355 [main] DEBUG com.github.dockerjava.zerodep.shaded.org.apache.hc.client5.http.impl.classic.ConnectExec - ex-00000001: acquiring connection with route {}->unix://localhost:2375
17:43:48.355 [main] DEBUG com.github.dockerjava.zerodep.shaded.org.apache.hc.client5.http.impl.classic.InternalHttpClient - ex-00000001: acquiring endpoint (3 MINUTES)
17:43:48.356 [main] DEBUG com.github.dockerjava.zerodep.shaded.org.apache.hc.client5.http.impl.io.PoolingHttpClientConnectionManager - ex-00000001: endpoint lease request (3 MINUTES) [route: {}->unix://localhost:2375][total available: 0; route allocated: 0 of 2147483647; total allocated: 0 of 2147483647]
17:43:48.358 [main] DEBUG com.github.dockerjava.zerodep.shaded.org.apache.hc.client5.http.impl.io.PoolingHttpClientConnectionManager - ex-00000001: endpoint leased [route: {}->unix://localhost:2375][total available: 0; route allocated: 1 of 2147483647; total allocated: 1 of 2147483647]
17:43:48.364 [main] DEBUG com.github.dockerjava.zerodep.shaded.org.apache.hc.client5.http.impl.io.PoolingHttpClientConnectionManager - ex-00000001: acquired ep-00000000
17:43:48.364 [main] DEBUG com.github.dockerjava.zerodep.shaded.org.apache.hc.client5.http.impl.classic.InternalHttpClient - ex-00000001: acquired endpoint ep-00000000
17:43:48.364 [main] DEBUG com.github.dockerjava.zerodep.shaded.org.apache.hc.client5.http.impl.classic.ConnectExec - ex-00000001: opening connection {}->unix://localhost:2375
17:43:48.365 [main] DEBUG com.github.dockerjava.zerodep.shaded.org.apache.hc.client5.http.impl.classic.InternalHttpClient - ep-00000000: connecting endpoint (3 MINUTES)
17:43:48.365 [main] DEBUG com.github.dockerjava.zerodep.shaded.org.apache.hc.client5.http.impl.io.PoolingHttpClientConnectionManager - ep-00000000: connecting endpoint to unix://localhost:2375 (3 MINUTES)
17:43:48.370 [main] DEBUG com.github.dockerjava.zerodep.shaded.org.apache.hc.client5.http.impl.io.DefaultHttpClientConnectionOperator - http-outgoing-0: connecting to localhost/127.0.0.1:2375
17:43:48.370 [main] DEBUG com.github.dockerjava.zerodep.shaded.org.apache.hc.client5.http.impl.io.DefaultHttpClientConnectionOperator - http-outgoing-0: connection established /var/run/docker.sock<->/var/run/docker.sock
17:43:48.371 [main] DEBUG com.github.dockerjava.zerodep.shaded.org.apache.hc.client5.http.impl.io.PoolingHttpClientConnectionManager - ep-00000000: connected http-outgoing-0
17:43:48.371 [main] DEBUG com.github.dockerjava.zerodep.shaded.org.apache.hc.client5.http.impl.classic.InternalHttpClient - ep-00000000: endpoint connected
17:43:48.371 [main] DEBUG com.github.dockerjava.zerodep.shaded.org.apache.hc.client5.http.impl.classic.MainClientExec - ex-00000001: executing GET /v1.32/info HTTP/1.1
17:43:48.372 [main] DEBUG com.github.dockerjava.zerodep.shaded.org.apache.hc.client5.http.impl.classic.InternalHttpClient - ep-00000000: start execution ex-00000001
17:43:48.372 [main] DEBUG com.github.dockerjava.zerodep.shaded.org.apache.hc.client5.http.impl.io.PoolingHttpClientConnectionManager - ep-00000000: executing exchange ex-00000001 over http-outgoing-0
17:43:48.372 [main] DEBUG com.github.dockerjava.zerodep.shaded.org.apache.hc.client5.http.headers - http-outgoing-0 >> GET /v1.32/info HTTP/1.1
17:43:48.372 [main] DEBUG com.github.dockerjava.zerodep.shaded.org.apache.hc.client5.http.headers - http-outgoing-0 >> x-tc-sid: 866cccf5-0380-4737-9007-32cd48c5f550
17:43:48.372 [main] DEBUG com.github.dockerjava.zerodep.shaded.org.apache.hc.client5.http.headers - http-outgoing-0 >> User-Agent: tc-java/1.19.7
17:43:48.372 [main] DEBUG com.github.dockerjava.zerodep.shaded.org.apache.hc.client5.http.headers - http-outgoing-0 >> Accept-Encoding: gzip, x-gzip, deflate
17:43:48.372 [main] DEBUG com.github.dockerjava.zerodep.shaded.org.apache.hc.client5.http.headers - http-outgoing-0 >> Host: localhost:2375
17:43:48.372 [main] DEBUG com.github.dockerjava.zerodep.shaded.org.apache.hc.client5.http.headers - http-outgoing-0 >> Connection: keep-alive
17:43:48.372 [main] DEBUG com.github.dockerjava.zerodep.shaded.org.apache.hc.client5.http.wire - http-outgoing-0 >> "GET /v1.32/info HTTP/1.1[\r][\n]"
17:43:48.372 [main] DEBUG com.github.dockerjava.zerodep.shaded.org.apache.hc.client5.http.wire - http-outgoing-0 >> "x-tc-sid: 866cccf5-0380-4737-9007-32cd48c5f550[\r][\n]"
17:43:48.372 [main] DEBUG com.github.dockerjava.zerodep.shaded.org.apache.hc.client5.http.wire - http-outgoing-0 >> "User-Agent: tc-java/1.19.7[\r][\n]"
17:43:48.373 [main] DEBUG com.github.dockerjava.zerodep.shaded.org.apache.hc.client5.http.wire - http-outgoing-0 >> "Accept-Encoding: gzip, x-gzip, deflate[\r][\n]"
17:43:48.373 [main] DEBUG com.github.dockerjava.zerodep.shaded.org.apache.hc.client5.http.wire - http-outgoing-0 >> "Host: localhost:2375[\r][\n]"
17:43:48.373 [main] DEBUG com.github.dockerjava.zerodep.shaded.org.apache.hc.client5.http.wire - http-outgoing-0 >> "Connection: keep-alive[\r][\n]"
17:43:48.373 [main] DEBUG com.github.dockerjava.zerodep.shaded.org.apache.hc.client5.http.wire - http-outgoing-0 >> "[\r][\n]"
17:43:48.396 [main] DEBUG com.github.dockerjava.zerodep.shaded.org.apache.hc.client5.http.wire - http-outgoing-0 << "HTTP/1.1 200 OK[\r][\n]"
17:43:48.397 [main] DEBUG com.github.dockerjava.zerodep.shaded.org.apache.hc.client5.http.wire - http-outgoing-0 << "Api-Version: 1.47[\r][\n]"
17:43:48.397 [main] DEBUG com.github.dockerjava.zerodep.shaded.org.apache.hc.client5.http.wire - http-outgoing-0 << "Content-Type: application/json[\r][\n]"
17:43:48.397 [main] DEBUG com.github.dockerjava.zerodep.shaded.org.apache.hc.client5.http.wire - http-outgoing-0 << "Date: Thu, 26 Jun 2025 16:43:48 GMT[\r][\n]"
17:43:48.397 [main] DEBUG com.github.dockerjava.zerodep.shaded.org.apache.hc.client5.http.wire - http-outgoing-0 << "Docker-Experimental: false[\r][\n]"
17:43:48.397 [main] DEBUG com.github.dockerjava.zerodep.shaded.org.apache.hc.client5.http.wire - http-outgoing-0 << "Ostype: linux[\r][\n]"
17:43:48.397 [main] DEBUG com.github.dockerjava.zerodep.shaded.org.apache.hc.client5.http.wire - http-outgoing-0 << "Server: Docker/27.4.0 (linux)[\r][\n]"
17:43:48.397 [main] DEBUG com.github.dockerjava.zerodep.shaded.org.apache.hc.client5.http.wire - http-outgoing-0 << "Transfer-Encoding: chunked[\r][\n]"
17:43:48.397 [main] DEBUG com.github.dockerjava.zerodep.shaded.org.apache.hc.client5.http.wire - http-outgoing-0 << "[\r][\n]"
17:43:48.399 [main] DEBUG com.github.dockerjava.zerodep.shaded.org.apache.hc.client5.http.headers - http-outgoing-0 << HTTP/1.1 200 OK
17:43:48.399 [main] DEBUG com.github.dockerjava.zerodep.shaded.org.apache.hc.client5.http.headers - http-outgoing-0 << Api-Version: 1.47
17:43:48.399 [main] DEBUG com.github.dockerjava.zerodep.shaded.org.apache.hc.client5.http.headers - http-outgoing-0 << Content-Type: application/json
17:43:48.399 [main] DEBUG com.github.dockerjava.zerodep.shaded.org.apache.hc.client5.http.headers - http-outgoing-0 << Date: Thu, 26 Jun 2025 16:43:48 GMT
17:43:48.399 [main] DEBUG com.github.dockerjava.zerodep.shaded.org.apache.hc.client5.http.headers - http-outgoing-0 << Docker-Experimental: false
17:43:48.399 [main] DEBUG com.github.dockerjava.zerodep.shaded.org.apache.hc.client5.http.headers - http-outgoing-0 << Ostype: linux
17:43:48.399 [main] DEBUG com.github.dockerjava.zerodep.shaded.org.apache.hc.client5.http.headers - http-outgoing-0 << Server: Docker/27.4.0 (linux)
17:43:48.399 [main] DEBUG com.github.dockerjava.zerodep.shaded.org.apache.hc.client5.http.headers - http-outgoing-0 << Transfer-Encoding: chunked
17:43:48.401 [main] DEBUG com.github.dockerjava.zerodep.shaded.org.apache.hc.client5.http.impl.classic.MainClientExec - ex-00000001: connection can be kept alive for 3 MINUTES
17:43:48.403 [main] DEBUG com.github.dockerjava.zerodep.shaded.org.apache.hc.client5.http.wire - http-outgoing-0 << "a25[\r][\n]"
17:43:48.403 [main] DEBUG com.github.dockerjava.zerodep.shaded.org.apache.hc.client5.http.wire - http-outgoing-0 << "{"ID":"6fcda7fe-6dcb-4d03-aa49-31183fe965d7","Containers":39,"ContainersRunning":3,"ContainersPaused":0,"ContainersStopped":36,"Images":28,"Driver":"overlay2","DriverStatus":[["Backing Filesystem","extfs"],["Supports d_type","true"],["Using metacopy","false"],["Native Overlay Diff","true"],["userxattr","false"]],"Plugins":{"Volume":["local"],"Network":["bridge","host","ipvlan","macvlan","null","overlay"],"Authorization":null,"Log":["awslogs","fluentd","gcplogs","gelf","journald","json-file","local","splunk","syslog"]},"MemoryLimit":true,"SwapLimit":true,"CpuCfsPeriod":true,"CpuCfsQuota":true,"CPUShares":true,"CPUSet":true,"PidsLimit":true,"IPv4Forwarding":true,"BridgeNfIptables":true,"BridgeNfIp6tables":true,"Debug":false,"NFd":56,"OomKillDisable":false,"NGoroutines":85,"SystemTime":"2025-06-26T16:43:48.387972171Z","LoggingDriver":"json-file","CgroupDriver":"cgroupfs","CgroupVersion":"2","NEventsListener":17,"KernelVersion":"6.10.14-linuxkit","OperatingSystem":"Docker Desktop","OSVersion":"","OSType":"linux","Architecture":"aarch64","IndexServerAddress":"https://index.docker.io/v1/","RegistryConfig":{"AllowNondistributableArtifactsCIDRs":null,"AllowNondistributableArtifactsHostnames":null,"InsecureRegistryCIDRs":["127.0.0.0/8"],"IndexConfigs":{"docker.io":{"Name":"docker.io","Mirrors":[],"Secure":true,"Official":true},"hubproxy.docker.internal:5555":{"Name":"hubproxy.docker.internal:5555","Mirrors":[],"Secure":false,"Official":false}},"Mirrors":null},"NCPU":8,"MemTotal":8218251264,"GenericResources":null,"DockerRootDir":"/var/lib/docker","HttpProxy":"http.docker.internal:3128","HttpsProxy":"http.docker.internal:3128","NoProxy":"hubproxy.docker.internal","Name":"docker-desktop","Labels":["com.docker.desktop.address=unix:///Users/manoj/Library/Containers/com.docker.docker/Data/docker-cli.sock"],"ExperimentalBuild":false,"ServerVersion":"27.4.0","Runtimes":{"io.containerd.runc.v2":{"path":"runc"},"runc":{"path":"runc"}},"DefaultRuntime":"runc","Swarm":{"NodeID":"","NodeAddr":"","LocalNodeState":"inactive","ControlAvailable":false,"Error":"","RemoteManagers":null},"LiveRestoreEnabled":false,"Isolation":"","InitBinary":"docker-init","ContainerdCommit":{"ID":"472731909fa34bd7bc9c087e4c27943f9835f111","Expected":"472731909fa34bd7bc9c087e4c27943f9835f111"},"RuncCommit":{"ID":"v1.1.13-0-g58aa920","Expected":"v1.1.13-0-g58aa920"},"InitCommit":{"ID":"de40ad0","Expected":"de40ad0"},"SecurityOptions":["name=seccomp,profile=unconfined","name=cgroupns"],"CDISpecDirs":["/etc/cdi","/var/run/cdi"],"Warnings":["WARNING: daemon is not using the default seccomp profile"]}[\r][\n]"
17:43:48.404 [main] DEBUG com.github.dockerjava.zerodep.shaded.org.apache.hc.client5.http.wire - http-outgoing-0 << "0[\r][\n]"
17:43:48.404 [main] DEBUG com.github.dockerjava.zerodep.shaded.org.apache.hc.client5.http.wire - http-outgoing-0 << "[\r][\n]"
17:43:48.448 [main] DEBUG com.github.dockerjava.zerodep.shaded.org.apache.hc.client5.http.impl.classic.InternalHttpClient - ep-00000000: releasing valid endpoint
17:43:48.449 [main] DEBUG com.github.dockerjava.zerodep.shaded.org.apache.hc.client5.http.impl.io.PoolingHttpClientConnectionManager - ep-00000000: releasing endpoint
17:43:48.449 [main] DEBUG com.github.dockerjava.zerodep.shaded.org.apache.hc.client5.http.impl.io.PoolingHttpClientConnectionManager - ep-00000000: connection http-outgoing-0 can be kept alive for 3 MINUTES
17:43:48.449 [main] DEBUG com.github.dockerjava.zerodep.shaded.org.apache.hc.client5.http.impl.io.PoolingHttpClientConnectionManager - ep-00000000: connection released [route: {}->unix://localhost:2375][total available: 1; route allocated: 1 of 2147483647; total allocated: 1 of 2147483647]
17:43:48.449 [main] INFO org.testcontainers.dockerclient.DockerClientProviderStrategy - Found Docker environment with local Unix socket (unix:///var/run/docker.sock)
17:43:48.449 [main] DEBUG org.testcontainers.dockerclient.DockerClientProviderStrategy - Transport type: 'httpclient5', Docker host: 'unix:///var/run/docker.sock'
17:43:48.449 [main] DEBUG org.testcontainers.dockerclient.DockerClientProviderStrategy - Checking Docker OS type for local Unix socket (unix:///var/run/docker.sock)
17:43:48.450 [main] INFO org.testcontainers.DockerClientFactory - Docker host IP address is localhost
17:43:48.450 [main] DEBUG org.testcontainers.DockerClientFactory - Docker info: {CDISpecDirs=[/etc/cdi, /var/run/cdi], NGoroutines=85, Name=docker-desktop, Swarm={NodeID=, NodeAddr=, LocalNodeState=inactive, ControlAvailable=false, Error=, RemoteManagers=null}, RuncCommit={ID=v1.1.13-0-g58aa920, Expected=v1.1.13-0-g58aa920}, OSVersion=, Runtimes={io.containerd.runc.v2={path=runc}, runc={path=runc}}, ID=6fcda7fe-6dcb-4d03-aa49-31183fe965d7, DriverStatus=[[Backing Filesystem, extfs], [Supports d_type, true], [Using metacopy, false], [Native Overlay Diff, true], [userxattr, false]], BridgeNfIptables=true, LiveRestoreEnabled=false, SystemTime=2025-06-26T16:43:48.387972171Z, NoProxy=hubproxy.docker.internal, Architecture=aarch64, NEventsListener=17, HttpsProxy=http.docker.internal:3128, Images=28, ContainersRunning=3, Labels=[com.docker.desktop.address=unix:///Users/manoj/Library/Containers/com.docker.docker/Data/docker-cli.sock], InitCommit={ID=de40ad0, Expected=de40ad0}, NFd=56, KernelVersion=6.10.14-linuxkit, LoggingDriver=json-file, OSType=linux, SecurityOptions=[name=seccomp,profile=unconfined, name=cgroupns], ContainerdCommit={ID=472731909fa34bd7bc9c087e4c27943f9835f111, Expected=472731909fa34bd7bc9c087e4c27943f9835f111}, GenericResources=null, OperatingSystem=Docker Desktop, RegistryConfig={AllowNondistributableArtifactsCIDRs=null, AllowNondistributableArtifactsHostnames=null, InsecureRegistryCIDRs=[127.0.0.0/8], IndexConfigs={docker.io={Name=docker.io, Mirrors=[], Secure=true, Official=true}, hubproxy.docker.internal:5555={Name=hubproxy.docker.internal:5555, Mirrors=[], Secure=false, Official=false}}, Mirrors=null}, ServerVersion=27.4.0, OomKillDisable=false, CpuCfsQuota=true, Containers=39, Driver=overlay2, IPv4Forwarding=true, ExperimentalBuild=false, DockerRootDir=/var/lib/docker, CPUSet=true, CpuCfsPeriod=true, DefaultRuntime=runc, CPUShares=true, Debug=false, NCPU=8, Plugins={Volume=[local], Network=[bridge, host, ipvlan, macvlan, null, overlay], Authorization=null, Log=[awslogs, fluentd, gcplogs, gelf, journald, json-file, local, splunk, syslog]}, SwapLimit=true, CgroupDriver=cgroupfs, ContainersPaused=0, MemTotal=8218251264, IndexServerAddress=https://index.docker.io/v1/, MemoryLimit=true, HttpProxy=http.docker.internal:3128, InitBinary=docker-init, CgroupVersion=2, PidsLimit=true, Isolation=, BridgeNfIp6tables=true, Warnings=[WARNING: daemon is not using the default seccomp profile], ContainersStopped=36}
17:43:48.452 [main] DEBUG org.testcontainers.shaded.com.github.dockerjava.core.command.AbstrDockerCmd - Cmd: 
17:43:48.452 [main] DEBUG com.github.dockerjava.zerodep.shaded.org.apache.hc.client5.http.impl.classic.InternalHttpClient - ex-00000002: preparing request execution
17:43:48.452 [main] DEBUG com.github.dockerjava.zerodep.shaded.org.apache.hc.client5.http.protocol.RequestAddCookies - Cookie spec selected: strict
17:43:48.452 [main] DEBUG com.github.dockerjava.zerodep.shaded.org.apache.hc.client5.http.protocol.RequestAuthCache - Auth cache not set in the context
17:43:48.453 [main] DEBUG com.github.dockerjava.zerodep.shaded.org.apache.hc.client5.http.impl.classic.ProtocolExec - ex-00000002: target auth state: UNCHALLENGED
17:43:48.453 [main] DEBUG com.github.dockerjava.zerodep.shaded.org.apache.hc.client5.http.impl.classic.ProtocolExec - ex-00000002: proxy auth state: UNCHALLENGED
17:43:48.453 [main] DEBUG com.github.dockerjava.zerodep.shaded.org.apache.hc.client5.http.impl.classic.ConnectExec - ex-00000002: acquiring connection with route {}->unix://localhost:2375
17:43:48.453 [main] DEBUG com.github.dockerjava.zerodep.shaded.org.apache.hc.client5.http.impl.classic.InternalHttpClient - ex-00000002: acquiring endpoint (3 MINUTES)
17:43:48.453 [main] DEBUG com.github.dockerjava.zerodep.shaded.org.apache.hc.client5.http.impl.io.PoolingHttpClientConnectionManager - ex-00000002: endpoint lease request (3 MINUTES) [route: {}->unix://localhost:2375][total available: 1; route allocated: 1 of 2147483647; total allocated: 1 of 2147483647]
17:43:48.453 [main] DEBUG com.github.dockerjava.zerodep.shaded.org.apache.hc.client5.http.impl.io.PoolingHttpClientConnectionManager - ex-00000002: endpoint leased [route: {}->unix://localhost:2375][total available: 0; route allocated: 1 of 2147483647; total allocated: 1 of 2147483647]
17:43:48.453 [main] DEBUG com.github.dockerjava.zerodep.shaded.org.apache.hc.client5.http.impl.io.PoolingHttpClientConnectionManager - ex-00000002: acquired ep-00000001
17:43:48.453 [main] DEBUG com.github.dockerjava.zerodep.shaded.org.apache.hc.client5.http.impl.classic.InternalHttpClient - ex-00000002: acquired endpoint ep-00000001
17:43:48.453 [main] DEBUG com.github.dockerjava.zerodep.shaded.org.apache.hc.client5.http.impl.classic.MainClientExec - ex-00000002: executing GET /v1.32/version HTTP/1.1
17:43:48.453 [main] DEBUG com.github.dockerjava.zerodep.shaded.org.apache.hc.client5.http.impl.classic.InternalHttpClient - ep-00000001: start execution ex-00000002
17:43:48.453 [main] DEBUG com.github.dockerjava.zerodep.shaded.org.apache.hc.client5.http.impl.io.PoolingHttpClientConnectionManager - ep-00000001: executing exchange ex-00000002 over http-outgoing-0
17:43:48.453 [main] DEBUG com.github.dockerjava.zerodep.shaded.org.apache.hc.client5.http.headers - http-outgoing-0 >> GET /v1.32/version HTTP/1.1
17:43:48.453 [main] DEBUG com.github.dockerjava.zerodep.shaded.org.apache.hc.client5.http.headers - http-outgoing-0 >> accept: application/json
17:43:48.453 [main] DEBUG com.github.dockerjava.zerodep.shaded.org.apache.hc.client5.http.headers - http-outgoing-0 >> x-tc-sid: 866cccf5-0380-4737-9007-32cd48c5f550
17:43:48.453 [main] DEBUG com.github.dockerjava.zerodep.shaded.org.apache.hc.client5.http.headers - http-outgoing-0 >> User-Agent: tc-java/1.19.7
17:43:48.453 [main] DEBUG com.github.dockerjava.zerodep.shaded.org.apache.hc.client5.http.headers - http-outgoing-0 >> Accept-Encoding: gzip, x-gzip, deflate
17:43:48.453 [main] DEBUG com.github.dockerjava.zerodep.shaded.org.apache.hc.client5.http.headers - http-outgoing-0 >> Host: localhost:2375
17:43:48.453 [main] DEBUG com.github.dockerjava.zerodep.shaded.org.apache.hc.client5.http.headers - http-outgoing-0 >> Connection: keep-alive
17:43:48.453 [main] DEBUG com.github.dockerjava.zerodep.shaded.org.apache.hc.client5.http.wire - http-outgoing-0 >> "GET /v1.32/version HTTP/1.1[\r][\n]"
17:43:48.453 [main] DEBUG com.github.dockerjava.zerodep.shaded.org.apache.hc.client5.http.wire - http-outgoing-0 >> "accept: application/json[\r][\n]"
17:43:48.453 [main] DEBUG com.github.dockerjava.zerodep.shaded.org.apache.hc.client5.http.wire - http-outgoing-0 >> "x-tc-sid: 866cccf5-0380-4737-9007-32cd48c5f550[\r][\n]"
17:43:48.453 [main] DEBUG com.github.dockerjava.zerodep.shaded.org.apache.hc.client5.http.wire - http-outgoing-0 >> "User-Agent: tc-java/1.19.7[\r][\n]"
17:43:48.453 [main] DEBUG com.github.dockerjava.zerodep.shaded.org.apache.hc.client5.http.wire - http-outgoing-0 >> "Accept-Encoding: gzip, x-gzip, deflate[\r][\n]"
17:43:48.453 [main] DEBUG com.github.dockerjava.zerodep.shaded.org.apache.hc.client5.http.wire - http-outgoing-0 >> "Host: localhost:2375[\r][\n]"
17:43:48.454 [main] DEBUG com.github.dockerjava.zerodep.shaded.org.apache.hc.client5.http.wire - http-outgoing-0 >> "Connection: keep-alive[\r][\n]"
17:43:48.454 [main] DEBUG com.github.dockerjava.zerodep.shaded.org.apache.hc.client5.http.wire - http-outgoing-0 >> "[\r][\n]"
17:43:48.465 [main] DEBUG com.github.dockerjava.zerodep.shaded.org.apache.hc.client5.http.wire - http-outgoing-0 << "HTTP/1.1 200 OK[\r][\n]"
17:43:48.465 [main] DEBUG com.github.dockerjava.zerodep.shaded.org.apache.hc.client5.http.wire - http-outgoing-0 << "Api-Version: 1.47[\r][\n]"
17:43:48.465 [main] DEBUG com.github.dockerjava.zerodep.shaded.org.apache.hc.client5.http.wire - http-outgoing-0 << "Content-Type: application/json[\r][\n]"
17:43:48.465 [main] DEBUG com.github.dockerjava.zerodep.shaded.org.apache.hc.client5.http.wire - http-outgoing-0 << "Date: Thu, 26 Jun 2025 16:43:48 GMT[\r][\n]"
17:43:48.465 [main] DEBUG com.github.dockerjava.zerodep.shaded.org.apache.hc.client5.http.wire - http-outgoing-0 << "Docker-Experimental: false[\r][\n]"
17:43:48.465 [main] DEBUG com.github.dockerjava.zerodep.shaded.org.apache.hc.client5.http.wire - http-outgoing-0 << "Ostype: linux[\r][\n]"
17:43:48.465 [main] DEBUG com.github.dockerjava.zerodep.shaded.org.apache.hc.client5.http.wire - http-outgoing-0 << "Server: Docker/27.4.0 (linux)[\r][\n]"
17:43:48.465 [main] DEBUG com.github.dockerjava.zerodep.shaded.org.apache.hc.client5.http.wire - http-outgoing-0 << "Transfer-Encoding: chunked[\r][\n]"
17:43:48.465 [main] DEBUG com.github.dockerjava.zerodep.shaded.org.apache.hc.client5.http.wire - http-outgoing-0 << "[\r][\n]"
17:43:48.465 [main] DEBUG com.github.dockerjava.zerodep.shaded.org.apache.hc.client5.http.headers - http-outgoing-0 << HTTP/1.1 200 OK
17:43:48.465 [main] DEBUG com.github.dockerjava.zerodep.shaded.org.apache.hc.client5.http.headers - http-outgoing-0 << Api-Version: 1.47
17:43:48.465 [main] DEBUG com.github.dockerjava.zerodep.shaded.org.apache.hc.client5.http.headers - http-outgoing-0 << Content-Type: application/json
17:43:48.465 [main] DEBUG com.github.dockerjava.zerodep.shaded.org.apache.hc.client5.http.headers - http-outgoing-0 << Date: Thu, 26 Jun 2025 16:43:48 GMT
17:43:48.465 [main] DEBUG com.github.dockerjava.zerodep.shaded.org.apache.hc.client5.http.headers - http-outgoing-0 << Docker-Experimental: false
17:43:48.465 [main] DEBUG com.github.dockerjava.zerodep.shaded.org.apache.hc.client5.http.headers - http-outgoing-0 << Ostype: linux
17:43:48.465 [main] DEBUG com.github.dockerjava.zerodep.shaded.org.apache.hc.client5.http.headers - http-outgoing-0 << Server: Docker/27.4.0 (linux)
17:43:48.465 [main] DEBUG com.github.dockerjava.zerodep.shaded.org.apache.hc.client5.http.headers - http-outgoing-0 << Transfer-Encoding: chunked
17:43:48.465 [main] DEBUG com.github.dockerjava.zerodep.shaded.org.apache.hc.client5.http.impl.classic.MainClientExec - ex-00000002: connection can be kept alive for 3 MINUTES
17:43:48.466 [main] DEBUG com.github.dockerjava.zerodep.shaded.org.apache.hc.client5.http.wire - http-outgoing-0 << "33d[\r][\n]"
17:43:48.466 [main] DEBUG com.github.dockerjava.zerodep.shaded.org.apache.hc.client5.http.wire - http-outgoing-0 << "{"Platform":{"Name":"Docker Desktop 4.37.1 (178610)"},"Components":[{"Name":"Engine","Version":"27.4.0","Details":{"ApiVersion":"1.47","Arch":"arm64","BuildTime":"2024-12-07T10:38:33.000000000+00:00","Experimental":"false","GitCommit":"92a8393","GoVersion":"go1.22.10","KernelVersion":"6.10.14-linuxkit","MinAPIVersion":"1.24","Os":"linux"}},{"Name":"containerd","Version":"1.7.21","Details":{"GitCommit":"472731909fa34bd7bc9c087e4c27943f9835f111"}},{"Name":"runc","Version":"1.1.13","Details":{"GitCommit":"v1.1.13-0-g58aa920"}},{"Name":"docker-init","Version":"0.19.0","Details":{"GitCommit":"de40ad0"}}],"Version":"27.4.0","ApiVersion":"1.47","MinAPIVersion":"1.24","GitCommit":"92a8393","GoVersion":"go1.22.10","Os":"linux","Arch":"arm64","KernelVersion":"6.10.14-linuxkit","BuildTime":"2024-12-07T10:38:33.000000000+00:00"}[\n]"
17:43:48.466 [main] DEBUG com.github.dockerjava.zerodep.shaded.org.apache.hc.client5.http.wire - http-outgoing-0 << "[\r][\n]"
17:43:48.466 [main] DEBUG com.github.dockerjava.zerodep.shaded.org.apache.hc.client5.http.wire - http-outgoing-0 << "0[\r][\n]"
17:43:48.466 [main] DEBUG com.github.dockerjava.zerodep.shaded.org.apache.hc.client5.http.wire - http-outgoing-0 << "[\r][\n]"
17:43:48.470 [main] DEBUG com.github.dockerjava.zerodep.shaded.org.apache.hc.client5.http.impl.classic.InternalHttpClient - ep-00000001: releasing valid endpoint
17:43:48.470 [main] DEBUG com.github.dockerjava.zerodep.shaded.org.apache.hc.client5.http.impl.io.PoolingHttpClientConnectionManager - ep-00000001: releasing endpoint
17:43:48.470 [main] DEBUG com.github.dockerjava.zerodep.shaded.org.apache.hc.client5.http.impl.io.PoolingHttpClientConnectionManager - ep-00000001: connection http-outgoing-0 can be kept alive for 3 MINUTES
17:43:48.470 [main] DEBUG com.github.dockerjava.zerodep.shaded.org.apache.hc.client5.http.impl.io.PoolingHttpClientConnectionManager - ep-00000001: connection released [route: {}->unix://localhost:2375][total available: 1; route allocated: 1 of 2147483647; total allocated: 1 of 2147483647]
17:43:48.470 [main] DEBUG org.testcontainers.DockerClientFactory - Docker version: {Components=[{Name=Engine, Version=27.4.0, Details={ApiVersion=1.47, Arch=arm64, BuildTime=2024-12-07T10:38:33.000000000+00:00, Experimental=false, GitCommit=92a8393, GoVersion=go1.22.10, KernelVersion=6.10.14-linuxkit, MinAPIVersion=1.24, Os=linux}}, {Name=containerd, Version=1.7.21, Details={GitCommit=472731909fa34bd7bc9c087e4c27943f9835f111}}, {Name=runc, Version=1.1.13, Details={GitCommit=v1.1.13-0-g58aa920}}, {Name=docker-init, Version=0.19.0, Details={GitCommit=de40ad0}}], KernelVersion=6.10.14-linuxkit, ApiVersion=1.47, Platform={Name=Docker Desktop 4.37.1 (178610)}, GitCommit=92a8393, Os=linux, Version=27.4.0, MinAPIVersion=1.24, Arch=arm64, GoVersion=go1.22.10, BuildTime=2024-12-07T10:38:33.000000000+00:00}
17:43:48.470 [main] INFO org.testcontainers.DockerClientFactory - Connected to docker: 
  Server Version: 27.4.0
  API Version: 1.47
  Operating System: Docker Desktop
  Total Memory: 7837 MB
17:43:48.477 [main] DEBUG org.testcontainers.utility.RyukResourceReaper - Ryuk is enabled
17:43:48.478 [main] DEBUG org.testcontainers.utility.PrefixingImageNameSubstitutor - No prefix is configured
17:43:48.478 [main] DEBUG org.testcontainers.utility.ImageNameSubstitutor - Did not find a substitute image for testcontainers/ryuk:0.6.0 (using image substitutor: DefaultImageNameSubstitutor (composite of 'ConfigurationFileImageNameSubstitutor' and 'PrefixingImageNameSubstitutor'))
17:43:48.480 [main] DEBUG org.testcontainers.shaded.com.github.dockerjava.core.command.AbstrDockerCmd - Cmd: ListImagesCmdImpl[filters=org.testcontainers.shaded.com.github.dockerjava.core.util.FiltersBuilder@0,imageNameFilter=<null>,showAll=false]
17:43:48.482 [main] DEBUG com.github.dockerjava.zerodep.shaded.org.apache.hc.client5.http.impl.classic.InternalHttpClient - ex-00000003: preparing request execution
17:43:48.482 [main] DEBUG com.github.dockerjava.zerodep.shaded.org.apache.hc.client5.http.protocol.RequestAddCookies - Cookie spec selected: strict
17:43:48.482 [main] DEBUG com.github.dockerjava.zerodep.shaded.org.apache.hc.client5.http.protocol.RequestAuthCache - Auth cache not set in the context
17:43:48.482 [main] DEBUG com.github.dockerjava.zerodep.shaded.org.apache.hc.client5.http.impl.classic.ProtocolExec - ex-00000003: target auth state: UNCHALLENGED
17:43:48.482 [main] DEBUG com.github.dockerjava.zerodep.shaded.org.apache.hc.client5.http.impl.classic.ProtocolExec - ex-00000003: proxy auth state: UNCHALLENGED
17:43:48.482 [main] DEBUG com.github.dockerjava.zerodep.shaded.org.apache.hc.client5.http.impl.classic.ConnectExec - ex-00000003: acquiring connection with route {}->unix://localhost:2375
17:43:48.483 [main] DEBUG com.github.dockerjava.zerodep.shaded.org.apache.hc.client5.http.impl.classic.InternalHttpClient - ex-00000003: acquiring endpoint (3 MINUTES)
17:43:48.483 [main] DEBUG com.github.dockerjava.zerodep.shaded.org.apache.hc.client5.http.impl.io.PoolingHttpClientConnectionManager - ex-00000003: endpoint lease request (3 MINUTES) [route: {}->unix://localhost:2375][total available: 1; route allocated: 1 of 2147483647; total allocated: 1 of 2147483647]
17:43:48.483 [main] DEBUG com.github.dockerjava.zerodep.shaded.org.apache.hc.client5.http.impl.io.PoolingHttpClientConnectionManager - ex-00000003: endpoint leased [route: {}->unix://localhost:2375][total available: 0; route allocated: 1 of 2147483647; total allocated: 1 of 2147483647]
17:43:48.483 [main] DEBUG com.github.dockerjava.zerodep.shaded.org.apache.hc.client5.http.impl.io.PoolingHttpClientConnectionManager - ex-00000003: acquired ep-00000002
17:43:48.483 [main] DEBUG com.github.dockerjava.zerodep.shaded.org.apache.hc.client5.http.impl.classic.InternalHttpClient - ex-00000003: acquired endpoint ep-00000002
17:43:48.483 [main] DEBUG com.github.dockerjava.zerodep.shaded.org.apache.hc.client5.http.impl.classic.MainClientExec - ex-00000003: executing GET /v1.32/images/json HTTP/1.1
17:43:48.483 [main] DEBUG com.github.dockerjava.zerodep.shaded.org.apache.hc.client5.http.impl.classic.InternalHttpClient - ep-00000002: start execution ex-00000003
17:43:48.483 [main] DEBUG com.github.dockerjava.zerodep.shaded.org.apache.hc.client5.http.impl.io.PoolingHttpClientConnectionManager - ep-00000002: executing exchange ex-00000003 over http-outgoing-0
17:43:48.483 [main] DEBUG com.github.dockerjava.zerodep.shaded.org.apache.hc.client5.http.headers - http-outgoing-0 >> GET /v1.32/images/json HTTP/1.1
17:43:48.483 [main] DEBUG com.github.dockerjava.zerodep.shaded.org.apache.hc.client5.http.headers - http-outgoing-0 >> accept: application/json
17:43:48.483 [main] DEBUG com.github.dockerjava.zerodep.shaded.org.apache.hc.client5.http.headers - http-outgoing-0 >> x-tc-sid: 866cccf5-0380-4737-9007-32cd48c5f550
17:43:48.483 [main] DEBUG com.github.dockerjava.zerodep.shaded.org.apache.hc.client5.http.headers - http-outgoing-0 >> User-Agent: tc-java/1.19.7
17:43:48.483 [main] DEBUG com.github.dockerjava.zerodep.shaded.org.apache.hc.client5.http.headers - http-outgoing-0 >> Accept-Encoding: gzip, x-gzip, deflate
17:43:48.483 [main] DEBUG com.github.dockerjava.zerodep.shaded.org.apache.hc.client5.http.headers - http-outgoing-0 >> Host: localhost:2375
17:43:48.483 [main] DEBUG com.github.dockerjava.zerodep.shaded.org.apache.hc.client5.http.headers - http-outgoing-0 >> Connection: keep-alive
17:43:48.483 [main] DEBUG com.github.dockerjava.zerodep.shaded.org.apache.hc.client5.http.wire - http-outgoing-0 >> "GET /v1.32/images/json HTTP/1.1[\r][\n]"
17:43:48.483 [main] DEBUG com.github.dockerjava.zerodep.shaded.org.apache.hc.client5.http.wire - http-outgoing-0 >> "accept: application/json[\r][\n]"
17:43:48.483 [main] DEBUG com.github.dockerjava.zerodep.shaded.org.apache.hc.client5.http.wire - http-outgoing-0 >> "x-tc-sid: 866cccf5-0380-4737-9007-32cd48c5f550[\r][\n]"
17:43:48.483 [main] DEBUG com.github.dockerjava.zerodep.shaded.org.apache.hc.client5.http.wire - http-outgoing-0 >> "User-Agent: tc-java/1.19.7[\r][\n]"
17:43:48.483 [main] DEBUG com.github.dockerjava.zerodep.shaded.org.apache.hc.client5.http.wire - http-outgoing-0 >> "Accept-Encoding: gzip, x-gzip, deflate[\r][\n]"
17:43:48.483 [main] DEBUG com.github.dockerjava.zerodep.shaded.org.apache.hc.client5.http.wire - http-outgoing-0 >> "Host: localhost:2375[\r][\n]"
17:43:48.483 [main] DEBUG com.github.dockerjava.zerodep.shaded.org.apache.hc.client5.http.wire - http-outgoing-0 >> "Connection: keep-alive[\r][\n]"
17:43:48.483 [main] DEBUG com.github.dockerjava.zerodep.shaded.org.apache.hc.client5.http.wire - http-outgoing-0 >> "[\r][\n]"
17:43:48.487 [main] DEBUG com.github.dockerjava.zerodep.shaded.org.apache.hc.client5.http.wire - http-outgoing-0 << "HTTP/1.1 200 OK[\r][\n]"
17:43:48.487 [main] DEBUG com.github.dockerjava.zerodep.shaded.org.apache.hc.client5.http.wire - http-outgoing-0 << "Api-Version: 1.47[\r][\n]"
17:43:48.487 [main] DEBUG com.github.dockerjava.zerodep.shaded.org.apache.hc.client5.http.wire - http-outgoing-0 << "Content-Type: application/json[\r][\n]"
17:43:48.487 [main] DEBUG com.github.dockerjava.zerodep.shaded.org.apache.hc.client5.http.wire - http-outgoing-0 << "Date: Thu, 26 Jun 2025 16:43:48 GMT[\r][\n]"
17:43:48.487 [main] DEBUG com.github.dockerjava.zerodep.shaded.org.apache.hc.client5.http.wire - http-outgoing-0 << "Docker-Experimental: false[\r][\n]"
17:43:48.487 [main] DEBUG com.github.dockerjava.zerodep.shaded.org.apache.hc.client5.http.wire - http-outgoing-0 << "Ostype: linux[\r][\n]"
17:43:48.487 [main] DEBUG com.github.dockerjava.zerodep.shaded.org.apache.hc.client5.http.wire - http-outgoing-0 << "Server: Docker/27.4.0 (linux)[\r][\n]"
17:43:48.488 [main] DEBUG com.github.dockerjava.zerodep.shaded.org.apache.hc.client5.http.wire - http-outgoing-0 << "Transfer-Encoding: chunked[\r][\n]"
17:43:48.488 [main] DEBUG com.github.dockerjava.zerodep.shaded.org.apache.hc.client5.http.wire - http-outgoing-0 << "[\r][\n]"
17:43:48.488 [main] DEBUG com.github.dockerjava.zerodep.shaded.org.apache.hc.client5.http.headers - http-outgoing-0 << HTTP/1.1 200 OK
17:43:48.488 [main] DEBUG com.github.dockerjava.zerodep.shaded.org.apache.hc.client5.http.headers - http-outgoing-0 << Api-Version: 1.47
17:43:48.488 [main] DEBUG com.github.dockerjava.zerodep.shaded.org.apache.hc.client5.http.headers - http-outgoing-0 << Content-Type: application/json
17:43:48.488 [main] DEBUG com.github.dockerjava.zerodep.shaded.org.apache.hc.client5.http.headers - http-outgoing-0 << Date: Thu, 26 Jun 2025 16:43:48 GMT
17:43:48.488 [main] DEBUG com.github.dockerjava.zerodep.shaded.org.apache.hc.client5.http.headers - http-outgoing-0 << Docker-Experimental: false
17:43:48.488 [main] DEBUG com.github.dockerjava.zerodep.shaded.org.apache.hc.client5.http.headers - http-outgoing-0 << Ostype: linux
17:43:48.488 [main] DEBUG com.github.dockerjava.zerodep.shaded.org.apache.hc.client5.http.headers - http-outgoing-0 << Server: Docker/27.4.0 (linux)
17:43:48.488 [main] DEBUG com.github.dockerjava.zerodep.shaded.org.apache.hc.client5.http.headers - http-outgoing-0 << Transfer-Encoding: chunked
17:43:48.488 [main] DEBUG com.github.dockerjava.zerodep.shaded.org.apache.hc.client5.http.impl.classic.MainClientExec - ex-00000003: connection can be kept alive for 3 MINUTES
17:43:48.488 [main] DEBUG com.github.dockerjava.zerodep.shaded.org.apache.hc.client5.http.wire - http-outgoing-0 << "302e[\r][\n]"
17:43:48.488 [main] DEBUG com.github.dockerjava.zerodep.shaded.org.apache.hc.client5.http.wire - http-outgoing-0 << "[{"Containers":-1,"Created":1731094401,"Id":"sha256:c80b6f78bc5cd52a343a491f02e40c0b1ea89a5f7823393a0afe8a7325ecc29a","Labels":null,"ParentId":"","RepoDigests":["ai/chat-demo-backend@sha256:72dd1804008efb7fbdf97ab8305cf47d15632ce17fee9d0aaaf5bfa932056f7d"],"RepoTags":["ai/chat-demo-backend:latest"],"SharedSize":-1,"Size":84156355,"VirtualSize":84156355},{"Containers":-1,"Created":1731094291,"Id":"sha256:31ff78ae8b7e4b6dfa93dc91262ad25b33de505db45c576aed2b3a9e428d09b5","Labels":null,"ParentId":"","RepoDigests":["ai/chat-demo-frontend@sha256:7a102ab1e316849461343c1a98d29c2e168b2f16d69c45ccc468c8df64fdfe0a"],"RepoTags":["ai/chat-demo-frontend:latest"],"SharedSize":-1,"Size":193985044,"VirtualSize":193985044},{"Containers":-1,"Created":1731093598,"Id":"sha256:39a17b8ab387e45304fd9274b56b12688ad262c0e989c2539db0f5594b1d219f","Labels":{"com.docker.compose.project":"ai-chat-app","com.docker.compose.service":"ollama","com.docker.compose.version":"2.30.1","org.opencontainers.image.ref.name":"ubuntu","org.opencontainers.image.version":"22.04"},"ParentId":"","RepoDigests":["ai/chat-demo-model@sha256:de1bb24e0de6167e4c0b0d1024c824536216c581846b3912e7e1ba551beece90"],"RepoTags":["ai/chat-demo-model:latest"],"SharedSize":-1,"Size":3253256425,"VirtualSize":3253256425},{"Containers":-1,"Created":1729067832,"Id":"sha256:a7b8c38c701e8375fce59cec4d7e5edf7a4c0fc22aa1824e1b30533a9a127784","Labels":{"com.docker.image.source.entrypoint":"kubernetes/Dockerfile","org.opencontainers.image.revision":"585664e2cd553a35d5a540e692eb6025b7805a19","org.opencontainers.image.source":"https://github.com/docker/pinata"},"ParentId":"","RepoDigests":["docker/desktop-kubernetes@sha256:7a7b02256c8de9f08984cc7db4a4d28a7765806be3faf7a4df2bd534be5a860b"],"RepoTags":["docker/desktop-kubernetes:kubernetes-v1.30.5-cni-v1.4.0-critools-v1.29.0-cri-dockerd-v0.3.11-1-debian"],"SharedSize":-1,"Size":419360594,"VirtualSize":419360594},{"Containers":-1,"Created":1726100897,"Id":"sha256:2bf7f63bc5e4cb1f93cdd13e325e181862614b805d7cc45282599fb6dd1d329d","Labels":{"description":"go based runner for distroless scenarios","maintainers":"Kubernetes Authors"},"ParentId":"","RepoDigests":null,"RepoTags":["registry.k8s.io/kube-apiserver:v1.30.5"],"SharedSize":-1,"Size":112480918,"VirtualSize":112480918},{"Containers":-1,"Created":1726100896,"Id":"sha256:b6db73bf7694d702f3d1cb29dc3e4051df33cc6316cd3636eabbab1e6d26466f","Labels":{"description":"go based runner for distroless scenarios","maintainers":"Kubernetes Authors"},"ParentId":"","RepoDigests":null,"RepoTags":["registry.k8s.io/kube-scheduler:v1.30.5"],"SharedSize":-1,"Size":60511220,"VirtualSize":60511220},{"Containers":-1,"Created":1726100896,"Id":"sha256:e1be44cf89df192ebc5b44737bf94ac472fe9a0eb3ddf9422d96eed2380ea7e6","Labels":{"description":"go based runner for distroless scenarios","maintainers":"Kubernetes Authors"},"ParentId":"","RepoDigests":null,"RepoTags":["registry.k8s.io/kube-controller-manager:v1.30.5"],"SharedSize":-1,"Size":107172852,"VirtualSize":107172852},{"Containers":-1,"Created":1726100895,"Id":"sha256:57f247cd1b5672dc99f46b3e3e288bbc06e9c17dfcfdb6b855cd83af9a418d43","Labels":null,"ParentId":"","RepoDigests":null,"RepoTags":["registry.k8s.io/kube-proxy:v1.30.5"],"SharedSize":-1,"Size":87942272,"VirtualSize":87942272},{"Containers":-1,"Created":1722274205,"Id":"sha256:2f6c962e7b8311337352d9fdea917da2184d9919f4da7695bc2a6517cf392fe4","Labels":null,"ParentId":"","RepoDigests":null,"RepoTags":["registry.k8s.io/coredns/coredns:v1.11.3"],"SharedSize":-1,"Size":60192455,"VirtualSize":60192455},{"Containers":-1,"Created":1716390883,"Id":"sha256:fcfabb79e738d80c603faacd2f7cdc71029e3258c545f2e3a0e8fca7142b56bf","Labels":{"com.vmware.cp.artifact.flavor":"sha256:c50c90cfd9d12b445b011e6ad529f1ad3daea45c26d20b00732fae3cd71f6a83","org.opencontainers.image.base.name":"docker.io/bitnami/minideb:bookworm","org.opencontainers.image.created":"2024-05-22T15:10:18Z","org.opencontainers.image.description":"Application packaged by Broadcom, Inc.","org.opencontainers.image.documentation":"https://github.com/bitnami/containers/tree/main/bitnami/mysql/README.md","org.opencontainers.image.licenses":"Apache-2.0","org.opencontainers.image.ref.name":"8.4.0-debian-12-r3","org.opencontainers.image.source":"https://github.com/bitnami/containers/tree/main/bitnami/mysql","org.opencontainers.image.title":"mysql","org.opencontainers.image.vendor":"Broadcom, Inc.","org.opencontainers.image.version":"8.4.0"},"ParentId":"","RepoDigests":["bitnami/mysql@sha256:3594854f53d90497601c9ccff37d61819978fe37b348f6abff8c08b0f4c63dd1"],"RepoTags":["bitnami/mysql:8.4.0-debian-12-r3"],"SharedSize":-1,"Size":745353760,"VirtualSize":745353760},{"Containers":-1,"Created":1715213114,"Id":"sha256:648c6affc8e4f1b193cc2e4e8a03c67ff0631737c2114bc464a7766d3de2a2a9","Labels":null,"ParentId":"","RepoDigests":["gcr.io/k8s-minikube/kicbase@sha256:eb04641328b06c5c4a14f4348470e1046bbcf9c2cbc551486e343d3a49db557e"],"RepoTags":["gcr.io/k8s-minikube/kicbase:v0.0.44"],"SharedSize":-1,"Size":1172453729,"VirtualSize":1172453729},{"Containers":-1,"Created":1715212430,"Id":"sha256:5a6e59a9bdc0d32876fd51e3702c6cb16f38b145ed5528e5f0bfb1de21e70803","Labels":null,"ParentId":"","RepoDigests":["\u003cnone\u003e@\u003cnone\u003e"],"RepoTags":["\u003cnone\u003e:\u003cnone\u003e"],"SharedSize":-1,"Size":1262272485,"VirtualSize":1262272485},{"Containers":-1,"Created":1712755724,"Id":"sha256:9451c336356d6360a1b13f52d75dcab2e2f927626cc44d88d456234834d40e5d","Labels":{"maintainer":"NGINX Docker Maintainers \u003cdocker-maint@nginx.com\u003e","org.opencontainers.image.created":"2024-04-10T13:07:28.236Z","org.opencontainers.image.description":"Little helper to run CNCF's k3s in Docker","org.opencontainers.image.licenses":"MIT","org.opencontainers.image.revision":"934b3c87a447ce373b5eb7f048b3cc81ad1f40d9","org.opencontainers.image.source":"https://github.com/k3d-io/k3d","org.opencontainers.image.title":"k3d","org.opencontainers.image.url":"https://github.com/k3d-io/k3d","org.opencontainers.image.version":"5"},"ParentId":"","RepoDigests":["ghcr.io/k3d-io/k3d-proxy@sha256:3d7790b1aa60d639c58cfd8ae42b138f9fb30b5db3289512bb6516f5e0f679d5"],"RepoTags":["ghcr.io/k3d-io/k3d-proxy:5.6.3"],"SharedSize":-1,"Size":59391879,"VirtualSize":59391879},{"Containers":-1,"Created":1712755158,"Id":"sha256:26714f7f5e27a807701dfd32c48934318b78a444fd25535dd96211cd9ad95b59","Labels":{"org.opencontainers.image.created":"2024-04-10T13:07:28.700Z","org.opencontainers.image.description":"Little helper to run CNCF's k3s in Docker","org.opencontainers.image.licenses":"MIT","org.opencontainers.image.revision":"934b3c87a447ce373b5eb7f048b3cc81ad1f40d9","org.opencontainers.image.source":"https://github.com/k3d-io/k3d","org.opencontainers.image.title":"k3d","org.opencontainers.image.url":"https://github.com/k3d-io/k3d","org.opencontainers.image.version":"5"},"ParentId":"","RepoDigests":["ghcr.io/k3d-io/k3d-tools@sha256:c5619857ab4eccbc867f049390ce0ad7309fbaa85f85e0fed4463d64883b7ea8"],"RepoTags":["ghcr.io/k3d-io/k3d-tools:5.6.3"],"SharedSize":-1,"Size":22379147,"VirtualSize":22379147},{"Containers":-1,"Created":1711412580,"Id":"sha256:aeb848d335b667f13ebcc641cfba7eb5f9c657914020659581b4e6f5a3668a0c","Labels":{"org.opencontainers.image.created":"2024-03-26T00:22:49Z","org.opencontainers.image.revision":"653dd61aaa2d0ef8bd83ac4dbc6d150dde792efc","org.opencontainers.image.source":"https://github.com/k3s-io/k3s.git","org.opencontainers.image.url":"https://github.com/k3s-io/k3s"},"ParentId":"","RepoDigests":["rancher/k3s@sha256:c54d8a5404c212ff8782b074f62b8d8af74b8d4d8937141cc816702b89b3156b"],"RepoTags":["rancher/k3s:v1.28.8-k3s1"],"SharedSize":-1,"Size":199791584,"VirtualSize":199791584},{"Containers":-1,"Created":1709935227,"Id":"sha256:c8405f018c81730ffbfd948a84e63d825d259df975b5b9500fd6426ea48fbd27","Labels":{"com.docker.image.source.entrypoint":"kubernetes/Dockerfile","org.opencontainers.image.revision":"d9b726426a08730485d2061d663a14c8287ebd68","org.opencontainers.image.source":"https://github.com/docker/pinata"},"ParentId":"","RepoDigests":["docker/desktop-kubernetes@sha256:ee4d0cb41223b7c5e27369aacedcbc17000df6990f03f5bb725f9e1b42678d34"],""
17:43:48.493 [main] DEBUG com.github.dockerjava.zerodep.shaded.org.apache.hc.client5.http.wire - http-outgoing-0 << "RepoTags":["docker/desktop-kubernetes:kubernetes-v1.29.2-cni-v1.4.0-critools-v1.29.0-cri-dockerd-v0.3.11-1-debian"],"SharedSize":-1,"Size":423235319,"VirtualSize":423235319},{"Containers":-1,"Created":1707908215,"Id":"sha256:2bceedbd3273e5cc709fc640b29d04fb7dde67b9261dcdf3f69d4a02efca7219","Labels":{"description":"go based runner for distroless scenarios","maintainers":"Kubernetes Authors"},"ParentId":"","RepoDigests":null,"RepoTags":["registry.k8s.io/kube-apiserver:v1.29.2"],"SharedSize":-1,"Size":122639158,"VirtualSize":122639158},{"Containers":-1,"Created":1707908213,"Id":"sha256:6241433e83b5a5599bb4d5c54927bcc77d330f52504cedb7eb7685b9b5d6bce4","Labels":null,"ParentId":"","RepoDigests":null,"RepoTags":["registry.k8s.io/kube-proxy:v1.29.2"],"SharedSize":-1,"Size":85384562,"VirtualSize":85384562},{"Containers":-1,"Created":1707908213,"Id":"sha256:96e2c08ad32ed230afea843bed0bebdfc0bc379775f12615466645dac97a2ecf","Labels":{"description":"go based runner for distroless scenarios","maintainers":"Kubernetes Authors"},"ParentId":"","RepoDigests":null,"RepoTags":["registry.k8s.io/kube-scheduler:v1.29.2"],"SharedSize":-1,"Size":58020999,"VirtualSize":58020999},{"Containers":-1,"Created":1707908213,"Id":"sha256:32eb28f276a5415919c40d989d9a5d49852dcbb8d18d8b0f4510102f9a0c1d12","Labels":{"description":"go based runner for distroless scenarios","maintainers":"Kubernetes Authors"},"ParentId":"","RepoDigests":null,"RepoTags":["registry.k8s.io/kube-controller-manager:v1.29.2"],"SharedSize":-1,"Size":117527791,"VirtualSize":117527791},{"Containers":-1,"Created":1707152022,"Id":"sha256:014faa467e29798aeef733fe6d1a3b5e382688217b053ad23410e6cccd5d22fd","Labels":null,"ParentId":"","RepoDigests":null,"RepoTags":["registry.k8s.io/etcd:3.5.12-0"],"SharedSize":-1,"Size":138984067,"VirtualSize":138984067},{"Containers":-1,"Created":1703169619,"Id":"sha256:00b74ac764e1bd0e8eefa5ca9ad4ff60b1e7a8099181b2446d7bb6695eac6fbf","Labels":{"org.testcontainers.ryuk":"true"},"ParentId":"","RepoDigests":["testcontainers/ryuk@sha256:739f19eb83b1710f22ff452d7bec9cdd3f53d0ba5ff4096c6516a85de88eba0c"],"RepoTags":["testcontainers/ryuk:0.6.0"],"SharedSize":-1,"Size":15036068,"VirtualSize":15036068},{"Containers":-1,"Created":1698845025,"Id":"sha256:79f8d13ae8b8839cadfb2f83416935f5184206d386028e2d1263577f0ab3620b","Labels":null,"ParentId":"","RepoDigests":null,"RepoTags":["registry.k8s.io/etcd:3.5.10-0"],"SharedSize":-1,"Size":136467208,"VirtualSize":136467208},{"Containers":-1,"Created":1692129668,"Id":"sha256:2437cf762177702dec2dfe99a09c37427a15af6d9a57c456b65352667c223d93","Labels":null,"ParentId":"","RepoDigests":null,"RepoTags":["registry.k8s.io/coredns/coredns:v1.11.1"],"SharedSize":-1,"Size":57387595,"VirtualSize":57387595},{"Containers":-1,"Created":1684159213,"Id":"sha256:3750dfec169f630ab8042ca29bca08cbf436ccf1a74ae6f2778f31d0235651d5","Labels":null,"ParentId":"","RepoDigests":["docker/desktop-vpnkit-controller@sha256:7ecf567ea07095f9af6ce2004055d4d37e4ee3bc19b553cce2f6c37ee9b916bf"],"RepoTags":["docker/desktop-vpnkit-controller:dc331cb22850be0cdd97c84a9cfecaf44a1afb6e"],"SharedSize":-1,"Size":34992760,"VirtualSize":34992760},{"Containers":-1,"Created":1673515472,"Id":"sha256:95de41c9a8f374c82ed7ddb5c3c239d745667a6c6ef37819d48507e8039aab68","Labels":null,"ParentId":"","RepoDigests":["mockserver/mockserver@sha256:0f9ef78c94894ac3e70135d156193b25e23872575d58e2228344964273b4af6b"],"RepoTags":["mockserver/mockserver:5.15.0"],"SharedSize":-1,"Size":275668416,"VirtualSize":275668416},{"Containers":-1,"Created":1665686149,"Id":"sha256:829e9de338bd5fdd3f16f68f83a9fb288fbc8453e881e5d5cfd0f6f2ff72b43e","Labels":null,"ParentId":"","RepoDigests":null,"RepoTags":["registry.k8s.io/pause:3.9"],"SharedSize":-1,"Size":514000,"VirtualSize":514000},{"Containers":-1,"Created":1619456760,"Id":"sha256:c027a58fa0bb1f8ff35555e068fc8d1a67173782978e25d0450bac0eb5848cd7","Labels":null,"ParentId":"","RepoDigests":["docker/desktop-storage-provisioner@sha256:115d77efe6e256cefbcdf1d3292bede9339ef3952a2a83393cea217a3ffdef36"],"RepoTags":["docker/desktop-storage-provisioner:v2.0"],"SharedSize":-1,"Size":39816902,"VirtualSize":39816902}][\n]"
17:43:48.495 [main] DEBUG com.github.dockerjava.zerodep.shaded.org.apache.hc.client5.http.wire - http-outgoing-0 << "[\r][\n]"
17:43:48.495 [main] DEBUG com.github.dockerjava.zerodep.shaded.org.apache.hc.client5.http.wire - http-outgoing-0 << "0[\r][\n]"
17:43:48.495 [main] DEBUG com.github.dockerjava.zerodep.shaded.org.apache.hc.client5.http.wire - http-outgoing-0 << "[\r][\n]"
17:43:48.495 [main] DEBUG com.github.dockerjava.zerodep.shaded.org.apache.hc.client5.http.impl.classic.InternalHttpClient - ep-00000002: releasing valid endpoint
17:43:48.495 [main] DEBUG com.github.dockerjava.zerodep.shaded.org.apache.hc.client5.http.impl.io.PoolingHttpClientConnectionManager - ep-00000002: releasing endpoint
17:43:48.495 [main] DEBUG com.github.dockerjava.zerodep.shaded.org.apache.hc.client5.http.impl.io.PoolingHttpClientConnectionManager - ep-00000002: connection http-outgoing-0 can be kept alive for 3 MINUTES
17:43:48.495 [main] DEBUG com.github.dockerjava.zerodep.shaded.org.apache.hc.client5.http.impl.io.PoolingHttpClientConnectionManager - ep-00000002: connection released [route: {}->unix://localhost:2375][total available: 1; route allocated: 1 of 2147483647; total allocated: 1 of 2147483647]
17:43:48.497 [main] DEBUG org.testcontainers.images.AbstractImagePullPolicy - Using locally available and not pulling image: testcontainers/ryuk:0.6.0
17:43:48.497 [main] DEBUG tc.testcontainers/ryuk:0.6.0 - Starting container: testcontainers/ryuk:0.6.0
17:43:48.498 [main] DEBUG tc.testcontainers/ryuk:0.6.0 - Trying to start container: testcontainers/ryuk:0.6.0 (attempt 1/1)
17:43:48.498 [main] DEBUG tc.testcontainers/ryuk:0.6.0 - Starting container: testcontainers/ryuk:0.6.0
17:43:48.498 [main] INFO tc.testcontainers/ryuk:0.6.0 - Creating container for image: testcontainers/ryuk:0.6.0
17:43:48.503 [main] DEBUG org.testcontainers.utility.RegistryAuthLocator - Looking up auth config for image: testcontainers/ryuk:0.6.0 at registry: https://index.docker.io/v1/
17:43:48.504 [main] DEBUG org.testcontainers.utility.RegistryAuthLocator - RegistryAuthLocator has configFile: /Users/manoj/.docker/config.json (exists) configEnv: DOCKER_AUTH_CONFIG (does not exist) and commandPathPrefix: 
17:43:48.504 [main] DEBUG org.testcontainers.utility.RegistryAuthLocator - RegistryAuthLocator reading from configFile: /Users/manoj/.docker/config.json
17:43:48.504 [main] DEBUG org.testcontainers.utility.RegistryAuthLocator - registryName [https://index.docker.io/v1/] for dockerImageName [testcontainers/ryuk:0.6.0]
17:43:48.504 [main] DEBUG org.testcontainers.utility.RegistryAuthLocator - Executing docker credential provider: docker-credential-desktop to locate auth config for: https://index.docker.io/v1/
17:43:48.508 [main] DEBUG org.testcontainers.shaded.org.zeroturnaround.exec.ProcessExecutor - Executing [docker-credential-desktop, get].
17:43:48.514 [main] DEBUG org.testcontainers.shaded.org.zeroturnaround.exec.ProcessExecutor - Started Process[pid=48417, exitValue="not exited"]
17:43:48.640 [WaitForProcess-Process[pid=48417, exitValue="not exited"]] DEBUG org.testcontainers.shaded.org.zeroturnaround.exec.WaitForProcess - Process[pid=48417, exitValue=0] stopped with exit code 0
17:43:48.642 [main] DEBUG org.testcontainers.utility.RegistryAuthLocator - Credential helper/store provided auth config for: https://index.docker.io/v1/
17:43:48.645 [main] DEBUG org.testcontainers.utility.RegistryAuthLocator - found creds store auth config [AuthConfig{username=dumanoj, password=hidden non-blank value, auth=blank, email=null, registryAddress=https://index.docker.io/v1/, registryToken=blank}]
17:43:48.645 [main] DEBUG org.testcontainers.utility.RegistryAuthLocator - Cached auth found: [AuthConfig{username=dumanoj, password=hidden non-blank value, auth=blank, email=null, registryAddress=https://index.docker.io/v1/, registryToken=blank}]
17:43:48.645 [main] DEBUG org.testcontainers.dockerclient.AuthDelegatingDockerClientConfig - Effective auth config [AuthConfig{username=dumanoj, password=hidden non-blank value, auth=blank, email=null, registryAddress=https://index.docker.io/v1/, registryToken=blank}]
17:43:48.655 [main] DEBUG org.testcontainers.shaded.com.github.dockerjava.core.command.AbstrDockerCmd - Cmd: org.testcontainers.shaded.com.github.dockerjava.core.command.CreateContainerCmdImpl@14b9df65[aliases=<null>,argsEscaped=<null>,attachStderr=<null>,attachStdin=<null>,attachStdout=<null>,authConfig=AuthConfig(username=dumanoj, email=null, registryAddress=https://index.docker.io/v1/, stackOrchestrator=null),cmd={},domainName=<null>,entrypoint=<null>,env={},exposedPorts=ExposedPorts(exposedPorts=[8080/tcp]),healthcheck=<null>,hostConfig=HostConfig(binds=[/var/run/docker.sock:/var/run/docker.sock:rw], blkioWeight=null, blkioWeightDevice=null, blkioDeviceReadBps=null, blkioDeviceWriteBps=null, blkioDeviceReadIOps=null, blkioDeviceWriteIOps=null, memorySwappiness=null, nanoCPUs=null, capAdd=null, capDrop=null, containerIDFile=null, cpuPeriod=null, cpuRealtimePeriod=null, cpuRealtimeRuntime=null, cpuShares=null, cpuQuota=null, cpusetCpus=null, cpusetMems=null, devices=null, deviceCgroupRules=null, deviceRequests=null, diskQuota=null, dns=null, dnsOptions=null, dnsSearch=null, extraHosts=[], groupAdd=null, ipcMode=null, cgroup=null, links=[], logConfig=LogConfig(type=null, config=null), lxcConf=null, memory=null, memorySwap=null, memoryReservation=null, kernelMemory=null, networkMode=null, oomKillDisable=null, init=null, autoRemove=true, oomScoreAdj=null, portBindings={8080/tcp=[Lcom.github.dockerjava.api.model.Ports$Binding;@21ab919c}, privileged=true, publishAllPorts=null, readonlyRootfs=null, restartPolicy=null, ulimits=null, cpuCount=null, cpuPercent=null, ioMaximumIOps=null, ioMaximumBandwidth=null, volumesFrom=[], mounts=null, pidMode=null, isolation=null, securityOpts=null, storageOpt=null, cgroupParent=null, volumeDriver=null, shmSize=null, pidsLimit=null, runtime=null, tmpFs=null, utSMode=null, usernsMode=null, sysctls=null, consoleSize=null, cgroupnsMode=null),hostName=<null>,image=testcontainers/ryuk:0.6.0,ipv4Address=<null>,ipv6Address=<null>,labels={org.testcontainers=true, org.testcontainers.lang=java, org.testcontainers.version=1.19.7},macAddress=<null>,name=testcontainers-ryuk-866cccf5-0380-4737-9007-32cd48c5f550,networkDisabled=<null>,networkingConfig=<null>,onBuild=<null>,platform=<null>,portSpecs=<null>,shell=<null>,stdInOnce=<null>,stdinOpen=<null>,stopSignal=<null>,stopTimeout=<null>,tty=<null>,user=<null>,volumes=Volumes(volumes=[]),workingDir=<null>]
17:43:48.698 [main] DEBUG com.github.dockerjava.zerodep.shaded.org.apache.hc.client5.http.impl.classic.InternalHttpClient - ex-00000004: preparing request execution
17:43:48.699 [main] DEBUG com.github.dockerjava.zerodep.shaded.org.apache.hc.client5.http.protocol.RequestAddCookies - Cookie spec selected: strict
17:43:48.699 [main] DEBUG com.github.dockerjava.zerodep.shaded.org.apache.hc.client5.http.protocol.RequestAuthCache - Auth cache not set in the context
17:43:48.699 [main] DEBUG com.github.dockerjava.zerodep.shaded.org.apache.hc.client5.http.impl.classic.ProtocolExec - ex-00000004: target auth state: UNCHALLENGED
17:43:48.699 [main] DEBUG com.github.dockerjava.zerodep.shaded.org.apache.hc.client5.http.impl.classic.ProtocolExec - ex-00000004: proxy auth state: UNCHALLENGED
17:43:48.699 [main] DEBUG com.github.dockerjava.zerodep.shaded.org.apache.hc.client5.http.impl.classic.ConnectExec - ex-00000004: acquiring connection with route {}->unix://localhost:2375
17:43:48.699 [main] DEBUG com.github.dockerjava.zerodep.shaded.org.apache.hc.client5.http.impl.classic.InternalHttpClient - ex-00000004: acquiring endpoint (3 MINUTES)
17:43:48.699 [main] DEBUG com.github.dockerjava.zerodep.shaded.org.apache.hc.client5.http.impl.io.PoolingHttpClientConnectionManager - ex-00000004: endpoint lease request (3 MINUTES) [route: {}->unix://localhost:2375][total available: 1; route allocated: 1 of 2147483647; total allocated: 1 of 2147483647]
17:43:48.699 [main] DEBUG com.github.dockerjava.zerodep.shaded.org.apache.hc.client5.http.impl.io.PoolingHttpClientConnectionManager - ex-00000004: endpoint leased [route: {}->unix://localhost:2375][total available: 0; route allocated: 1 of 2147483647; total allocated: 1 of 2147483647]
17:43:48.699 [main] DEBUG com.github.dockerjava.zerodep.shaded.org.apache.hc.client5.http.impl.io.PoolingHttpClientConnectionManager - ex-00000004: acquired ep-00000003
17:43:48.699 [main] DEBUG com.github.dockerjava.zerodep.shaded.org.apache.hc.client5.http.impl.classic.InternalHttpClient - ex-00000004: acquired endpoint ep-00000003
17:43:48.699 [main] DEBUG com.github.dockerjava.zerodep.shaded.org.apache.hc.client5.http.impl.classic.MainClientExec - ex-00000004: executing POST /v1.32/containers/create?name=testcontainers-ryuk-866cccf5-0380-4737-9007-32cd48c5f550 HTTP/1.1
17:43:48.699 [main] DEBUG com.github.dockerjava.zerodep.shaded.org.apache.hc.client5.http.impl.classic.InternalHttpClient - ep-00000003: start execution ex-00000004
17:43:48.699 [main] DEBUG com.github.dockerjava.zerodep.shaded.org.apache.hc.client5.http.impl.io.PoolingHttpClientConnectionManager - ep-00000003: executing exchange ex-00000004 over http-outgoing-0
17:43:48.699 [main] DEBUG com.github.dockerjava.zerodep.shaded.org.apache.hc.client5.http.headers - http-outgoing-0 >> POST /v1.32/containers/create?name=testcontainers-ryuk-866cccf5-0380-4737-9007-32cd48c5f550 HTTP/1.1
17:43:48.699 [main] DEBUG com.github.dockerjava.zerodep.shaded.org.apache.hc.client5.http.headers - http-outgoing-0 >> X-Registry-Auth: eyJ1c2VybmFtZSI6ImR1bWFub2oiLCJwYXNzd29yZCI6ImRja3JfcGF0X0JGa3ZyLXEwa1VVblNlbnFESnQyUXlkQ0duNCIsImVtYWlsIjpudWxsLCJzZXJ2ZXJhZGRyZXNzIjoiaHR0cHM6Ly9pbmRleC5kb2NrZXIuaW8vdjEvIiwiYXV0aCI6bnVsbCwicmVnaXN0cnl0b2tlbiI6bnVsbCwiaWRlbnRpdHl0b2tlbiI6bnVsbCwic3RhY2tPcmNoZXN0cmF0b3IiOm51bGx9
17:43:48.699 [main] DEBUG com.github.dockerjava.zerodep.shaded.org.apache.hc.client5.http.headers - http-outgoing-0 >> accept: application/json
17:43:48.699 [main] DEBUG com.github.dockerjava.zerodep.shaded.org.apache.hc.client5.http.headers - http-outgoing-0 >> content-type: application/json
17:43:48.699 [main] DEBUG com.github.dockerjava.zerodep.shaded.org.apache.hc.client5.http.headers - http-outgoing-0 >> x-tc-sid: 866cccf5-0380-4737-9007-32cd48c5f550
17:43:48.699 [main] DEBUG com.github.dockerjava.zerodep.shaded.org.apache.hc.client5.http.headers - http-outgoing-0 >> User-Agent: tc-java/1.19.7
17:43:48.699 [main] DEBUG com.github.dockerjava.zerodep.shaded.org.apache.hc.client5.http.headers - http-outgoing-0 >> Accept-Encoding: gzip, x-gzip, deflate
17:43:48.699 [main] DEBUG com.github.dockerjava.zerodep.shaded.org.apache.hc.client5.http.headers - http-outgoing-0 >> Content-Length: 1954
17:43:48.699 [main] DEBUG com.github.dockerjava.zerodep.shaded.org.apache.hc.client5.http.headers - http-outgoing-0 >> Host: localhost:2375
17:43:48.700 [main] DEBUG com.github.dockerjava.zerodep.shaded.org.apache.hc.client5.http.headers - http-outgoing-0 >> Connection: keep-alive
17:43:48.700 [main] DEBUG com.github.dockerjava.zerodep.shaded.org.apache.hc.client5.http.wire - http-outgoing-0 >> "POST /v1.32/containers/create?name=testcontainers-ryuk-866cccf5-0380-4737-9007-32cd48c5f550 HTTP/1.1[\r][\n]"
17:43:48.700 [main] DEBUG com.github.dockerjava.zerodep.shaded.org.apache.hc.client5.http.wire - http-outgoing-0 >> "X-Registry-Auth: eyJ1c2VybmFtZSI6ImR1bWFub2oiLCJwYXNzd29yZCI6ImRja3JfcGF0X0JGa3ZyLXEwa1VVblNlbnFESnQyUXlkQ0duNCIsImVtYWlsIjpudWxsLCJzZXJ2ZXJhZGRyZXNzIjoiaHR0cHM6Ly9pbmRleC5kb2NrZXIuaW8vdjEvIiwiYXV0aCI6bnVsbCwicmVnaXN0cnl0b2tlbiI6bnVsbCwiaWRlbnRpdHl0b2tlbiI6bnVsbCwic3RhY2tPcmNoZXN0cmF0b3IiOm51bGx9[\r][\n]"
17:43:48.700 [main] DEBUG com.github.dockerjava.zerodep.shaded.org.apache.hc.client5.http.wire - http-outgoing-0 >> "accept: application/json[\r][\n]"
17:43:48.700 [main] DEBUG com.github.dockerjava.zerodep.shaded.org.apache.hc.client5.http.wire - http-outgoing-0 >> "content-type: application/json[\r][\n]"
17:43:48.700 [main] DEBUG com.github.dockerjava.zerodep.shaded.org.apache.hc.client5.http.wire - http-outgoing-0 >> "x-tc-sid: 866cccf5-0380-4737-9007-32cd48c5f550[\r][\n]"
17:43:48.700 [main] DEBUG com.github.dockerjava.zerodep.shaded.org.apache.hc.client5.http.wire - http-outgoing-0 >> "User-Agent: tc-java/1.19.7[\r][\n]"
17:43:48.700 [main] DEBUG com.github.dockerjava.zerodep.shaded.org.apache.hc.client5.http.wire - http-outgoing-0 >> "Accept-Encoding: gzip, x-gzip, deflate[\r][\n]"
17:43:48.700 [main] DEBUG com.github.dockerjava.zerodep.shaded.org.apache.hc.client5.http.wire - http-outgoing-0 >> "Content-Length: 1954[\r][\n]"
17:43:48.700 [main] DEBUG com.github.dockerjava.zerodep.shaded.org.apache.hc.client5.http.wire - http-outgoing-0 >> "Host: localhost:2375[\r][\n]"
17:43:48.700 [main] DEBUG com.github.dockerjava.zerodep.shaded.org.apache.hc.client5.http.wire - http-outgoing-0 >> "Connection: keep-alive[\r][\n]"
17:43:48.700 [main] DEBUG com.github.dockerjava.zerodep.shaded.org.apache.hc.client5.http.wire - http-outgoing-0 >> "[\r][\n]"
17:43:48.700 [main] DEBUG com.github.dockerjava.zerodep.shaded.org.apache.hc.client5.http.wire - http-outgoing-0 >> "{"Hostname":null,"Domainname":null,"User":null,"AttachStdin":null,"AttachStdout":null,"AttachStderr":null,"PortSpecs":null,"Tty":null,"OpenStdin":null,"StdinOnce":null,"Env":[],"Cmd":[],"Healthcheck":null,"ArgsEscaped":null,"Entrypoint":null,"Image":"testcontainers/ryuk:0.6.0","Volumes":{},"WorkingDir":null,"MacAddress":null,"OnBuild":null,"NetworkDisabled":null,"ExposedPorts":{"8080/tcp":{}},"StopSignal":null,"StopTimeout":null,"HostConfig":{"Binds":["/var/run/docker.sock:/var/run/docker.sock:rw"],"BlkioWeight":null,"BlkioWeightDevice":null,"BlkioDeviceReadBps":null,"BlkioDeviceWriteBps":null,"BlkioDeviceReadIOps":null,"BlkioDeviceWriteIOps":null,"MemorySwappiness":null,"NanoCpus":null,"CapAdd":null,"CapDrop":null,"ContainerIDFile":null,"CpuPeriod":null,"CpuRealtimePeriod":null,"CpuRealtimeRuntime":null,"CpuShares":null,"CpuQuota":null,"CpusetCpus":null,"CpusetMems":null,"Devices":null,"DeviceCgroupRules":null,"DeviceRequests":null,"DiskQuota":null,"Dns":null,"DnsOptions":null,"DnsSearch":null,"ExtraHosts":[],"GroupAdd":null,"IpcMode":null,"Cgroup":null,"Links":[],"LogConfig":null,"LxcConf":null,"Memory":null,"MemorySwap":null,"MemoryReservation":null,"KernelMemory":null,"NetworkMode":null,"OomKillDisable":null,"Init":null,"AutoRemove":true,"OomScoreAdj":null,"PortBindings":{"8080/tcp":[{"HostIp":"","HostPort":""}]},"Privileged":true,"PublishAllPorts":null,"ReadonlyRootfs":null,"RestartPolicy":null,"Ulimits":null,"CpuCount":null,"CpuPercent":null,"IOMaximumIOps":null,"IOMaximumBandwidth":null,"VolumesFrom":[],"Mounts":null,"PidMode":null,"Isolation":null,"SecurityOpt":null,"StorageOpt":null,"CgroupParent":null,"VolumeDriver":null,"ShmSize":null,"PidsLimit":null,"Runtime":null,"Tmpfs":null,"UTSMode":null,"UsernsMode":null,"Sysctls":null,"ConsoleSize":null,"CgroupnsMode":null},"Labels":{"org.testcontainers":"true","org.testcontainers.lang":"java","org.testcontainers.version":"1.19.7"},"Shell":null,"NetworkingConfig":null}"
17:43:48.726 [main] DEBUG com.github.dockerjava.zerodep.shaded.org.apache.hc.client5.http.wire - http-outgoing-0 << "HTTP/1.1 201 Created[\r][\n]"
17:43:48.727 [main] DEBUG com.github.dockerjava.zerodep.shaded.org.apache.hc.client5.http.wire - http-outgoing-0 << "Api-Version: 1.47[\r][\n]"
17:43:48.727 [main] DEBUG com.github.dockerjava.zerodep.shaded.org.apache.hc.client5.http.wire - http-outgoing-0 << "Content-Type: application/json[\r][\n]"
17:43:48.727 [main] DEBUG com.github.dockerjava.zerodep.shaded.org.apache.hc.client5.http.wire - http-outgoing-0 << "Date: Thu, 26 Jun 2025 16:43:48 GMT[\r][\n]"
17:43:48.727 [main] DEBUG com.github.dockerjava.zerodep.shaded.org.apache.hc.client5.http.wire - http-outgoing-0 << "Docker-Experimental: false[\r][\n]"
17:43:48.727 [main] DEBUG com.github.dockerjava.zerodep.shaded.org.apache.hc.client5.http.wire - http-outgoing-0 << "Ostype: linux[\r][\n]"
17:43:48.727 [main] DEBUG com.github.dockerjava.zerodep.shaded.org.apache.hc.client5.http.wire - http-outgoing-0 << "Server: Docker/27.4.0 (linux)[\r][\n]"
17:43:48.727 [main] DEBUG com.github.dockerjava.zerodep.shaded.org.apache.hc.client5.http.wire - http-outgoing-0 << "Transfer-Encoding: chunked[\r][\n]"
17:43:48.727 [main] DEBUG com.github.dockerjava.zerodep.shaded.org.apache.hc.client5.http.wire - http-outgoing-0 << "[\r][\n]"
17:43:48.727 [main] DEBUG com.github.dockerjava.zerodep.shaded.org.apache.hc.client5.http.headers - http-outgoing-0 << HTTP/1.1 201 Created
17:43:48.727 [main] DEBUG com.github.dockerjava.zerodep.shaded.org.apache.hc.client5.http.headers - http-outgoing-0 << Api-Version: 1.47
17:43:48.727 [main] DEBUG com.github.dockerjava.zerodep.shaded.org.apache.hc.client5.http.headers - http-outgoing-0 << Content-Type: application/json
17:43:48.727 [main] DEBUG com.github.dockerjava.zerodep.shaded.org.apache.hc.client5.http.headers - http-outgoing-0 << Date: Thu, 26 Jun 2025 16:43:48 GMT
17:43:48.727 [main] DEBUG com.github.dockerjava.zerodep.shaded.org.apache.hc.client5.http.headers - http-outgoing-0 << Docker-Experimental: false
17:43:48.728 [main] DEBUG com.github.dockerjava.zerodep.shaded.org.apache.hc.client5.http.headers - http-outgoing-0 << Ostype: linux
17:43:48.728 [main] DEBUG com.github.dockerjava.zerodep.shaded.org.apache.hc.client5.http.headers - http-outgoing-0 << Server: Docker/27.4.0 (linux)
17:43:48.728 [main] DEBUG com.github.dockerjava.zerodep.shaded.org.apache.hc.client5.http.headers - http-outgoing-0 << Transfer-Encoding: chunked
17:43:48.728 [main] DEBUG com.github.dockerjava.zerodep.shaded.org.apache.hc.client5.http.impl.classic.MainClientExec - ex-00000004: connection can be kept alive for 3 MINUTES
17:43:48.728 [main] DEBUG com.github.dockerjava.zerodep.shaded.org.apache.hc.client5.http.wire - http-outgoing-0 << "58[\r][\n]"
17:43:48.728 [main] DEBUG com.github.dockerjava.zerodep.shaded.org.apache.hc.client5.http.wire - http-outgoing-0 << "{"Id":"461bc9db6352615e0065fba44f9d6a00697aaa81175e6123b7bf02fcc6820ebc","Warnings":[]}[\n]"
17:43:48.728 [main] DEBUG com.github.dockerjava.zerodep.shaded.org.apache.hc.client5.http.wire - http-outgoing-0 << "[\r][\n]"
17:43:48.728 [main] DEBUG com.github.dockerjava.zerodep.shaded.org.apache.hc.client5.http.wire - http-outgoing-0 << "0[\r][\n]"
17:43:48.728 [main] DEBUG com.github.dockerjava.zerodep.shaded.org.apache.hc.client5.http.wire - http-outgoing-0 << "[\r][\n]"
17:43:48.731 [main] DEBUG com.github.dockerjava.zerodep.shaded.org.apache.hc.client5.http.impl.classic.InternalHttpClient - ep-00000003: releasing valid endpoint
17:43:48.731 [main] DEBUG com.github.dockerjava.zerodep.shaded.org.apache.hc.client5.http.impl.io.PoolingHttpClientConnectionManager - ep-00000003: releasing endpoint
17:43:48.731 [main] DEBUG com.github.dockerjava.zerodep.shaded.org.apache.hc.client5.http.impl.io.PoolingHttpClientConnectionManager - ep-00000003: connection http-outgoing-0 can be kept alive for 3 MINUTES
17:43:48.731 [main] DEBUG com.github.dockerjava.zerodep.shaded.org.apache.hc.client5.http.impl.io.PoolingHttpClientConnectionManager - ep-00000003: connection released [route: {}->unix://localhost:2375][total available: 1; route allocated: 1 of 2147483647; total allocated: 1 of 2147483647]
17:43:48.735 [main] INFO tc.testcontainers/ryuk:0.6.0 - Container testcontainers/ryuk:0.6.0 is starting: 461bc9db6352615e0065fba44f9d6a00697aaa81175e6123b7bf02fcc6820ebc
17:43:48.736 [main] DEBUG org.testcontainers.shaded.com.github.dockerjava.core.command.AbstrDockerCmd - Cmd: 461bc9db6352615e0065fba44f9d6a00697aaa81175e6123b7bf02fcc6820ebc
17:43:48.737 [main] DEBUG com.github.dockerjava.zerodep.shaded.org.apache.hc.client5.http.impl.classic.InternalHttpClient - ex-00000005: preparing request execution
17:43:48.737 [main] DEBUG com.github.dockerjava.zerodep.shaded.org.apache.hc.client5.http.protocol.RequestAddCookies - Cookie spec selected: strict
17:43:48.737 [main] DEBUG com.github.dockerjava.zerodep.shaded.org.apache.hc.client5.http.protocol.RequestAuthCache - Auth cache not set in the context
17:43:48.737 [main] DEBUG com.github.dockerjava.zerodep.shaded.org.apache.hc.client5.http.impl.classic.ProtocolExec - ex-00000005: target auth state: UNCHALLENGED
17:43:48.737 [main] DEBUG com.github.dockerjava.zerodep.shaded.org.apache.hc.client5.http.impl.classic.ProtocolExec - ex-00000005: proxy auth state: UNCHALLENGED
17:43:48.737 [main] DEBUG com.github.dockerjava.zerodep.shaded.org.apache.hc.client5.http.impl.classic.ConnectExec - ex-00000005: acquiring connection with route {}->unix://localhost:2375
17:43:48.737 [main] DEBUG com.github.dockerjava.zerodep.shaded.org.apache.hc.client5.http.impl.classic.InternalHttpClient - ex-00000005: acquiring endpoint (3 MINUTES)
17:43:48.737 [main] DEBUG com.github.dockerjava.zerodep.shaded.org.apache.hc.client5.http.impl.io.PoolingHttpClientConnectionManager - ex-00000005: endpoint lease request (3 MINUTES) [route: {}->unix://localhost:2375][total available: 1; route allocated: 1 of 2147483647; total allocated: 1 of 2147483647]
17:43:48.738 [main] DEBUG com.github.dockerjava.zerodep.shaded.org.apache.hc.client5.http.impl.io.PoolingHttpClientConnectionManager - ex-00000005: endpoint leased [route: {}->unix://localhost:2375][total available: 0; route allocated: 1 of 2147483647; total allocated: 1 of 2147483647]
17:43:48.738 [main] DEBUG com.github.dockerjava.zerodep.shaded.org.apache.hc.client5.http.impl.io.PoolingHttpClientConnectionManager - ex-00000005: acquired ep-00000004
17:43:48.738 [main] DEBUG com.github.dockerjava.zerodep.shaded.org.apache.hc.client5.http.impl.classic.InternalHttpClient - ex-00000005: acquired endpoint ep-00000004
[...]
17:43:51.791 [main] DEBUG com.networknt.schema.PropertiesValidator - validate( ["application/json"], {"httpRequest":{"method":"POST","path":"/api/chat"},"httpResponse":{"statusCode":200,"headers":{"Content-Type":["application/json"]},"body":"{\"message\": {\"role\": \"assistant\", \"content\": \"Hello from MockServer!\"}}"},"id":"2dab81a9-d887-4010-897d-17e7233140c2","priority":0,"timeToLive":{"unlimited":true},"times":{"unlimited":true}}, $.httpResponse.headers.Content-Type)
17:43:51.791 [main] DEBUG com.networknt.schema.AdditionalPropertiesValidator - validate( ["application/json"], {"httpRequest":{"method":"POST","path":"/api/chat"},"httpResponse":{"statusCode":200,"headers":{"Content-Type":["application/json"]},"body":"{\"message\": {\"role\": \"assistant\", \"content\": \"Hello from MockServer!\"}}"},"id":"2dab81a9-d887-4010-897d-17e7233140c2","priority":0,"timeToLive":{"unlimited":true},"times":{"unlimited":true}}, $.httpResponse.headers.Content-Type)
17:43:51.791 [main] DEBUG com.networknt.schema.TypeValidator - validate( ["application/json"], {"httpRequest":{"method":"POST","path":"/api/chat"},"httpResponse":{"statusCode":200,"headers":{"Content-Type":["application/json"]},"body":"{\"message\": {\"role\": \"assistant\", \"content\": \"Hello from MockServer!\"}}"},"id":"2dab81a9-d887-4010-897d-17e7233140c2","priority":0,"timeToLive":{"unlimited":true},"times":{"unlimited":true}}, $.httpResponse.headers.Content-Type)
17:43:51.792 [main] DEBUG com.networknt.schema.TypeValidator - validate( {"Content-Type":["application/json"]}, {"httpRequest":{"method":"POST","path":"/api/chat"},"httpResponse":{"statusCode":200,"headers":{"Content-Type":["application/json"]},"body":"{\"message\": {\"role\": \"assistant\", \"content\": \"Hello from MockServer!\"}}"},"id":"2dab81a9-d887-4010-897d-17e7233140c2","priority":0,"timeToLive":{"unlimited":true},"times":{"unlimited":true}}, $.httpResponse.headers)
17:43:51.792 [main] DEBUG com.networknt.schema.TypeValidator - validate( 200, {"httpRequest":{"method":"POST","path":"/api/chat"},"httpResponse":{"statusCode":200,"headers":{"Content-Type":["application/json"]},"body":"{\"message\": {\"role\": \"assistant\", \"content\": \"Hello from MockServer!\"}}"},"id":"2dab81a9-d887-4010-897d-17e7233140c2","priority":0,"timeToLive":{"unlimited":true},"times":{"unlimited":true}}, $.httpResponse.statusCode)
17:43:51.792 [main] DEBUG com.networknt.schema.AdditionalPropertiesValidator - validate( {"statusCode":200,"headers":{"Content-Type":["application/json"]},"body":"{\"message\": {\"role\": \"assistant\", \"content\": \"Hello from MockServer!\"}}"}, {"httpRequest":{"method":"POST","path":"/api/chat"},"httpResponse":{"statusCode":200,"headers":{"Content-Type":["application/json"]},"body":"{\"message\": {\"role\": \"assistant\", \"content\": \"Hello from MockServer!\"}}"},"id":"2dab81a9-d887-4010-897d-17e7233140c2","priority":0,"timeToLive":{"unlimited":true},"times":{"unlimited":true}}, $.httpResponse)
17:43:51.792 [main] DEBUG com.networknt.schema.TypeValidator - validate( {"statusCode":200,"headers":{"Content-Type":["application/json"]},"body":"{\"message\": {\"role\": \"assistant\", \"content\": \"Hello from MockServer!\"}}"}, {"httpRequest":{"method":"POST","path":"/api/chat"},"httpResponse":{"statusCode":200,"headers":{"Content-Type":["application/json"]},"body":"{\"message\": {\"role\": \"assistant\", \"content\": \"Hello from MockServer!\"}}"},"id":"2dab81a9-d887-4010-897d-17e7233140c2","priority":0,"timeToLive":{"unlimited":true},"times":{"unlimited":true}}, $.httpResponse)
17:43:51.792 [main] DEBUG com.networknt.schema.RefValidator - validate( {"unlimited":true}, {"httpRequest":{"method":"POST","path":"/api/chat"},"httpResponse":{"statusCode":200,"headers":{"Content-Type":["application/json"]},"body":"{\"message\": {\"role\": \"assistant\", \"content\": \"Hello from MockServer!\"}}"},"id":"2dab81a9-d887-4010-897d-17e7233140c2","priority":0,"timeToLive":{"unlimited":true},"times":{"unlimited":true}}, $.times)
17:43:51.792 [main] DEBUG com.networknt.schema.PropertiesValidator - validate( {"unlimited":true}, {"httpRequest":{"method":"POST","path":"/api/chat"},"httpResponse":{"statusCode":200,"headers":{"Content-Type":["application/json"]},"body":"{\"message\": {\"role\": \"assistant\", \"content\": \"Hello from MockServer!\"}}"},"id":"2dab81a9-d887-4010-897d-17e7233140c2","priority":0,"timeToLive":{"unlimited":true},"times":{"unlimited":true}}, $.times)
17:43:51.792 [main] DEBUG com.networknt.schema.TypeValidator - validate( true, {"httpRequest":{"method":"POST","path":"/api/chat"},"httpResponse":{"statusCode":200,"headers":{"Content-Type":["application/json"]},"body":"{\"message\": {\"role\": \"assistant\", \"content\": \"Hello from MockServer!\"}}"},"id":"2dab81a9-d887-4010-897d-17e7233140c2","priority":0,"timeToLive":{"unlimited":true},"times":{"unlimited":true}}, $.times.unlimited)
17:43:51.792 [main] DEBUG com.networknt.schema.AdditionalPropertiesValidator - validate( {"unlimited":true}, {"httpRequest":{"method":"POST","path":"/api/chat"},"httpResponse":{"statusCode":200,"headers":{"Content-Type":["application/json"]},"body":"{\"message\": {\"role\": \"assistant\", \"content\": \"Hello from MockServer!\"}}"},"id":"2dab81a9-d887-4010-897d-17e7233140c2","priority":0,"timeToLive":{"unlimited":true},"times":{"unlimited":true}}, $.times)
17:43:51.792 [main] DEBUG com.networknt.schema.TypeValidator - validate( {"unlimited":true}, {"httpRequest":{"method":"POST","path":"/api/chat"},"httpResponse":{"statusCode":200,"headers":{"Content-Type":["application/json"]},"body":"{\"message\": {\"role\": \"assistant\", \"content\": \"Hello from MockServer!\"}}"},"id":"2dab81a9-d887-4010-897d-17e7233140c2","priority":0,"timeToLive":{"unlimited":true},"times":{"unlimited":true}}, $.times)
17:43:51.792 [main] DEBUG com.networknt.schema.RefValidator - validate( {"unlimited":true}, {"httpRequest":{"method":"POST","path":"/api/chat"},"httpResponse":{"statusCode":200,"headers":{"Content-Type":["application/json"]},"body":"{\"message\": {\"role\": \"assistant\", \"content\": \"Hello from MockServer!\"}}"},"id":"2dab81a9-d887-4010-897d-17e7233140c2","priority":0,"timeToLive":{"unlimited":true},"times":{"unlimited":true}}, $.timeToLive)
17:43:51.792 [main] DEBUG com.networknt.schema.PropertiesValidator - validate( {"unlimited":true}, {"httpRequest":{"method":"POST","path":"/api/chat"},"httpResponse":{"statusCode":200,"headers":{"Content-Type":["application/json"]},"body":"{\"message\": {\"role\": \"assistant\", \"content\": \"Hello from MockServer!\"}}"},"id":"2dab81a9-d887-4010-897d-17e7233140c2","priority":0,"timeToLive":{"unlimited":true},"times":{"unlimited":true}}, $.timeToLive)
17:43:51.792 [main] DEBUG com.networknt.schema.TypeValidator - validate( true, {"httpRequest":{"method":"POST","path":"/api/chat"},"httpResponse":{"statusCode":200,"headers":{"Content-Type":["application/json"]},"body":"{\"message\": {\"role\": \"assistant\", \"content\": \"Hello from MockServer!\"}}"},"id":"2dab81a9-d887-4010-897d-17e7233140c2","priority":0,"timeToLive":{"unlimited":true},"times":{"unlimited":true}}, $.timeToLive.unlimited)
17:43:51.792 [main] DEBUG com.networknt.schema.AdditionalPropertiesValidator - validate( {"unlimited":true}, {"httpRequest":{"method":"POST","path":"/api/chat"},"httpResponse":{"statusCode":200,"headers":{"Content-Type":["application/json"]},"body":"{\"message\": {\"role\": \"assistant\", \"content\": \"Hello from MockServer!\"}}"},"id":"2dab81a9-d887-4010-897d-17e7233140c2","priority":0,"timeToLive":{"unlimited":true},"times":{"unlimited":true}}, $.timeToLive)
17:43:51.792 [main] DEBUG com.networknt.schema.TypeValidator - validate( {"unlimited":true}, {"httpRequest":{"method":"POST","path":"/api/chat"},"httpResponse":{"statusCode":200,"headers":{"Content-Type":["application/json"]},"body":"{\"message\": {\"role\": \"assistant\", \"content\": \"Hello from MockServer!\"}}"},"id":"2dab81a9-d887-4010-897d-17e7233140c2","priority":0,"timeToLive":{"unlimited":true},"times":{"unlimited":true}}, $.timeToLive)
17:43:51.792 [main] DEBUG com.networknt.schema.AdditionalPropertiesValidator - validate( {"httpRequest":{"method":"POST","path":"/api/chat"},"httpResponse":{"statusCode":200,"headers":{"Content-Type":["application/json"]},"body":"{\"message\": {\"role\": \"assistant\", \"content\": \"Hello from MockServer!\"}}"},"id":"2dab81a9-d887-4010-897d-17e7233140c2","priority":0,"timeToLive":{"unlimited":true},"times":{"unlimited":true}}, {"httpRequest":{"method":"POST","path":"/api/chat"},"httpResponse":{"statusCode":200,"headers":{"Content-Type":["application/json"]},"body":"{\"message\": {\"role\": \"assistant\", \"content\": \"Hello from MockServer!\"}}"},"id":"2dab81a9-d887-4010-897d-17e7233140c2","priority":0,"timeToLive":{"unlimited":true},"times":{"unlimited":true}}, $)
17:43:51.792 [main] DEBUG com.networknt.schema.OneOfValidator - validate( {"httpRequest":{"method":"POST","path":"/api/chat"},"httpResponse":{"statusCode":200,"headers":{"Content-Type":["application/json"]},"body":"{\"message\": {\"role\": \"assistant\", \"content\": \"Hello from MockServer!\"}}"},"id":"2dab81a9-d887-4010-897d-17e7233140c2","priority":0,"timeToLive":{"unlimited":true},"times":{"unlimited":true}}, {"httpRequest":{"method":"POST","path":"/api/chat"},"httpResponse":{"statusCode":200,"headers":{"Content-Type":["application/json"]},"body":"{\"message\": {\"role\": \"assistant\", \"content\": \"Hello from MockServer!\"}}"},"id":"2dab81a9-d887-4010-897d-17e7233140c2","priority":0,"timeToLive":{"unlimited":true},"times":{"unlimited":true}}, $)
17:43:51.792 [main] DEBUG com.networknt.schema.RequiredValidator - validate( {"httpRequest":{"method":"POST","path":"/api/chat"},"httpResponse":{"statusCode":200,"headers":{"Content-Type":["application/json"]},"body":"{\"message\": {\"role\": \"assistant\", \"content\": \"Hello from MockServer!\"}}"},"id":"2dab81a9-d887-4010-897d-17e7233140c2","priority":0,"timeToLive":{"unlimited":true},"times":{"unlimited":true}}, {"httpRequest":{"method":"POST","path":"/api/chat"},"httpResponse":{"statusCode":200,"headers":{"Content-Type":["application/json"]},"body":"{\"message\": {\"role\": \"assistant\", \"content\": \"Hello from MockServer!\"}}"},"id":"2dab81a9-d887-4010-897d-17e7233140c2","priority":0,"timeToLive":{"unlimited":true},"times":{"unlimited":true}}, $)
17:43:51.792 [main] DEBUG com.networknt.schema.RequiredValidator - validate( {"httpRequest":{"method":"POST","path":"/api/chat"},"httpResponse":{"statusCode":200,"headers":{"Content-Type":["application/json"]},"body":"{\"message\": {\"role\": \"assistant\", \"content\": \"Hello from MockServer!\"}}"},"id":"2dab81a9-d887-4010-897d-17e7233140c2","priority":0,"timeToLive":{"unlimited":true},"times":{"unlimited":true}}, {"httpRequest":{"method":"POST","path":"/api/chat"},"httpResponse":{"statusCode":200,"headers":{"Content-Type":["application/json"]},"body":"{\"message\": {\"role\": \"assistant\", \"content\": \"Hello from MockServer!\"}}"},"id":"2dab81a9-d887-4010-897d-17e7233140c2","priority":0,"timeToLive":{"unlimited":true},"times":{"unlimited":true}}, $)
17:43:51.792 [main] DEBUG com.networknt.schema.RequiredValidator - validate( {"httpRequest":{"method":"POST","path":"/api/chat"},"httpResponse":{"statusCode":200,"headers":{"Content-Type":["application/json"]},"body":"{\"message\": {\"role\": \"assistant\", \"content\": \"Hello from MockServer!\"}}"},"id":"2dab81a9-d887-4010-897d-17e7233140c2","priority":0,"timeToLive":{"unlimited":true},"times":{"unlimited":true}}, {"httpRequest":{"method":"POST","path":"/api/chat"},"httpResponse":{"statusCode":200,"headers":{"Content-Type":["application/json"]},"body":"{\"message\": {\"role\": \"assistant\", \"content\": \"Hello from MockServer!\"}}"},"id":"2dab81a9-d887-4010-897d-17e7233140c2","priority":0,"timeToLive":{"unlimited":true},"times":{"unlimited":true}}, $)
17:43:51.792 [main] DEBUG com.networknt.schema.RequiredValidator - validate( {"httpRequest":{"method":"POST","path":"/api/chat"},"httpResponse":{"statusCode":200,"headers":{"Content-Type":["application/json"]},"body":"{\"message\": {\"role\": \"assistant\", \"content\": \"Hello from MockServer!\"}}"},"id":"2dab81a9-d887-4010-897d-17e7233140c2","priority":0,"timeToLive":{"unlimited":true},"times":{"unlimited":true}}, {"httpRequest":{"method":"POST","path":"/api/chat"},"httpResponse":{"statusCode":200,"headers":{"Content-Type":["application/json"]},"body":"{\"message\": {\"role\": \"assistant\", \"content\": \"Hello from MockServer!\"}}"},"id":"2dab81a9-d887-4010-897d-17e7233140c2","priority":0,"timeToLive":{"unlimited":true},"times":{"unlimited":true}}, $)
17:43:51.792 [main] DEBUG com.networknt.schema.RequiredValidator - validate( {"httpRequest":{"method":"POST","path":"/api/chat"},"httpResponse":{"statusCode":200,"headers":{"Content-Type":["application/json"]},"body":"{\"message\": {\"role\": \"assistant\", \"content\": \"Hello from MockServer!\"}}"},"id":"2dab81a9-d887-4010-897d-17e7233140c2","priority":0,"timeToLive":{"unlimited":true},"times":{"unlimited":true}}, {"httpRequest":{"method":"POST","path":"/api/chat"},"httpResponse":{"statusCode":200,"headers":{"Content-Type":["application/json"]},"body":"{\"message\": {\"role\": \"assistant\", \"content\": \"Hello from MockServer!\"}}"},"id":"2dab81a9-d887-4010-897d-17e7233140c2","priority":0,"timeToLive":{"unlimited":true},"times":{"unlimited":true}}, $)
17:43:51.792 [main] DEBUG com.networknt.schema.RequiredValidator - validate( {"httpRequest":{"method":"POST","path":"/api/chat"},"httpResponse":{"statusCode":200,"headers":{"Content-Type":["application/json"]},"body":"{\"message\": {\"role\": \"assistant\", \"content\": \"Hello from MockServer!\"}}"},"id":"2dab81a9-d887-4010-897d-17e7233140c2","priority":0,"timeToLive":{"unlimited":true},"times":{"unlimited":true}}, {"httpRequest":{"method":"POST","path":"/api/chat"},"httpResponse":{"statusCode":200,"headers":{"Content-Type":["application/json"]},"body":"{\"message\": {\"role\": \"assistant\", \"content\": \"Hello from MockServer!\"}}"},"id":"2dab81a9-d887-4010-897d-17e7233140c2","priority":0,"timeToLive":{"unlimited":true},"times":{"unlimited":true}}, $)
17:43:51.793 [main] DEBUG com.networknt.schema.RequiredValidator - validate( {"httpRequest":{"method":"POST","path":"/api/chat"},"httpResponse":{"statusCode":200,"headers":{"Content-Type":["application/json"]},"body":"{\"message\": {\"role\": \"assistant\", \"content\": \"Hello from MockServer!\"}}"},"id":"2dab81a9-d887-4010-897d-17e7233140c2","priority":0,"timeToLive":{"unlimited":true},"times":{"unlimited":true}}, {"httpRequest":{"method":"POST","path":"/api/chat"},"httpResponse":{"statusCode":200,"headers":{"Content-Type":["application/json"]},"body":"{\"message\": {\"role\": \"assistant\", \"content\": \"Hello from MockServer!\"}}"},"id":"2dab81a9-d887-4010-897d-17e7233140c2","priority":0,"timeToLive":{"unlimited":true},"times":{"unlimited":true}}, $)
17:43:51.793 [main] DEBUG com.networknt.schema.RequiredValidator - validate( {"httpRequest":{"method":"POST","path":"/api/chat"},"httpResponse":{"statusCode":200,"headers":{"Content-Type":["application/json"]},"body":"{\"message\": {\"role\": \"assistant\", \"content\": \"Hello from MockServer!\"}}"},"id":"2dab81a9-d887-4010-897d-17e7233140c2","priority":0,"timeToLive":{"unlimited":true},"times":{"unlimited":true}}, {"httpRequest":{"method":"POST","path":"/api/chat"},"httpResponse":{"statusCode":200,"headers":{"Content-Type":["application/json"]},"body":"{\"message\": {\"role\": \"assistant\", \"content\": \"Hello from MockServer!\"}}"},"id":"2dab81a9-d887-4010-897d-17e7233140c2","priority":0,"timeToLive":{"unlimited":true},"times":{"unlimited":true}}, $)
17:43:51.793 [main] DEBUG com.networknt.schema.RequiredValidator - validate( {"httpRequest":{"method":"POST","path":"/api/chat"},"httpResponse":{"statusCode":200,"headers":{"Content-Type":["application/json"]},"body":"{\"message\": {\"role\": \"assistant\", \"content\": \"Hello from MockServer!\"}}"},"id":"2dab81a9-d887-4010-897d-17e7233140c2","priority":0,"timeToLive":{"unlimited":true},"times":{"unlimited":true}}, {"httpRequest":{"method":"POST","path":"/api/chat"},"httpResponse":{"statusCode":200,"headers":{"Content-Type":["application/json"]},"body":"{\"message\": {\"role\": \"assistant\", \"content\": \"Hello from MockServer!\"}}"},"id":"2dab81a9-d887-4010-897d-17e7233140c2","priority":0,"timeToLive":{"unlimited":true},"times":{"unlimited":true}}, $)
17:43:51.793 [main] DEBUG com.networknt.schema.RequiredValidator - validate( {"httpRequest":{"method":"POST","path":"/api/chat"},"httpResponse":{"statusCode":200,"headers":{"Content-Type":["application/json"]},"body":"{\"message\": {\"role\": \"assistant\", \"content\": \"Hello from MockServer!\"}}"},"id":"2dab81a9-d887-4010-897d-17e7233140c2","priority":0,"timeToLive":{"unlimited":true},"times":{"unlimited":true}}, {"httpRequest":{"method":"POST","path":"/api/chat"},"httpResponse":{"statusCode":200,"headers":{"Content-Type":["application/json"]},"body":"{\"message\": {\"role\": \"assistant\", \"content\": \"Hello from MockServer!\"}}"},"id":"2dab81a9-d887-4010-897d-17e7233140c2","priority":0,"timeToLive":{"unlimited":true},"times":{"unlimited":true}}, $)
17:43:51.793 [main] DEBUG com.networknt.schema.TypeValidator - validate( {"httpRequest":{"method":"POST","path":"/api/chat"},"httpResponse":{"statusCode":200,"headers":{"Content-Type":["application/json"]},"body":"{\"message\": {\"role\": \"assistant\", \"content\": \"Hello from MockServer!\"}}"},"id":"2dab81a9-d887-4010-897d-17e7233140c2","priority":0,"timeToLive":{"unlimited":true},"times":{"unlimited":true}}, {"httpRequest":{"method":"POST","path":"/api/chat"},"httpResponse":{"statusCode":200,"headers":{"Content-Type":["application/json"]},"body":"{\"message\": {\"role\": \"assistant\", \"content\": \"Hello from MockServer!\"}}"},"id":"2dab81a9-d887-4010-897d-17e7233140c2","priority":0,"timeToLive":{"unlimited":true},"times":{"unlimited":true}}, $)

  .   ____          _            __ _ _
 /\\ / ___'_ __ _ _(_)_ __  __ _ \ \ \ \
( ( )\___ | '_ | '_| | '_ \/ _` | \ \ \ \
 \\/  ___)| |_)| | | | | || (_| |  ) ) ) )
  '  |____| .__|_| |_|_| |_\__, | / / / /
 =========|_|==============|___/=/_/_/_/
 :: Spring Boot ::                (v2.6.6)

2025-06-26 17:43:51.970  INFO 48402 --- [           main] c.e.c.e.OllamaChatEngineIntegrationTest  : Starting OllamaChatEngineIntegrationTest using Java 21.0.7 on Mac with PID 48402 (started by manoj in /Users/manoj/Documents/GitHub/react-springboot-chat-app/backend/integration-test)
2025-06-26 17:43:51.971  INFO 48402 --- [           main] c.e.c.e.OllamaChatEngineIntegrationTest  : No active profile set, falling back to 1 default profile: "default"
2025-06-26 17:43:52.670  INFO 48402 --- [           main] o.s.cloud.context.scope.GenericScope     : BeanFactory id=082334df-f63e-3a5a-b548-d94710f4d46c
2025-06-26 17:43:53.160  WARN 48402 --- [           main] o.s.b.a.m.MustacheAutoConfiguration      : Cannot find template location: classpath:/templates/ (please add some templates, check your Mustache configuration, or set spring.mustache.check-template-location=false)
2025-06-26 17:43:53.247  INFO 48402 --- [           main] c.e.c.e.OllamaChatEngineIntegrationTest  : Started OllamaChatEngineIntegrationTest in 1.43 seconds (JVM running for 5.993)
]]></system-out>
  </testcase>
  <testcase name="getModels_returnsMockedModel" classname="com.example.chatapp.engine.OllamaChatEngineIntegrationTest" time="0.013"/>
</testsuite>