<?xml version="1.0" encoding="UTF-8"?>
<testsuite xmlns:xsi="http://www.w3.org/2001/XMLSchema-instance" xsi:noNamespaceSchemaLocation="https://maven.apache.org/surefire/maven-surefire-plugin/xsd/surefire-test-report.xsd" version="3.0.2" name="com.example.chatapp.ChatServiceTest" time="0.412" tests="8" errors="0" skipped="0" failures="0">
  <properties>
[...]
</properties>
  <testcase name="searchWeb_returnsStub" classname="com.example.chatapp.ChatServiceTest" time="0.372">
    <system-out><![CDATA[17:43:42.422 [main] INFO com.example.chatapp.service.ChatService - Performing web search for query: q
]]></system-out>
  </testcase>
  <testcase name="getModels_returnsModels_whenEngineExists" classname="com.example.chatapp.ChatServiceTest" time="0.018">
    <system-out><![CDATA[17:43:42.444 [main] DEBUG com.example.chatapp.service.ChatService - Fetching models for server: server1
]]></system-out>
  </testcase>
  <testcase name="resetContext_warns_whenEngineMissing" classname="com.example.chatapp.ChatServiceTest" time="0.002">
    <system-out><![CDATA[17:43:42.447 [main] WARN com.example.chatapp.service.ChatService - Attempted to reset context for unknown server: unknown
]]></system-out>
  </testcase>
  <testcase name="sendMessage_returnsUnknown_whenEngineMissing" classname="com.example.chatapp.ChatServiceTest" time="0.001">
    <system-out><![CDATA[17:43:42.449 [main] WARN com.example.chatapp.service.ChatService - Attempted to send message to unknown server: unknown
]]></system-out>
  </testcase>
  <testcase name="getModels_returnsEmpty_whenEngineMissing" classname="com.example.chatapp.ChatServiceTest" time="0.001">
    <system-out><![CDATA[17:43:42.450 [main] WARN com.example.chatapp.service.ChatService - Requested models for unknown server: unknown
]]></system-out>
  </testcase>
  <testcase name="resetContext_callsEngine_whenExists" classname="com.example.chatapp.ChatServiceTest" time="0.006">
    <system-out><![CDATA[17:43:42.452 [main] INFO com.example.chatapp.service.ChatService - Resetting context for server: server1, session: sid
]]></system-out>
  </testcase>
  <testcase name="getServers_returnsServerList" classname="com.example.chatapp.ChatServiceTest" time="0.0">
    <system-out><![CDATA[17:43:42.457 [main] DEBUG com.example.chatapp.service.ChatService - Fetching list of servers
]]></system-out>
  </testcase>
  <testcase name="sendMessage_returnsResult_whenEngineExists" classname="com.example.chatapp.ChatServiceTest" time="0.002">
    <system-out><![CDATA[17:43:42.460 [main] INFO com.example.chatapp.service.ChatService - Sending message to server: server1, model: m, session: sid
]]></system-out>
  </testcase>
</testsuite>